<?xml version="1.0" encoding="UTF-8"?>
<coverage generated="1762610926995" clover="3.2.0">
  <project timestamp="1762610926995" name="All files">
    <metrics statements="438" coveredstatements="407" conditionals="263" coveredconditionals="239" methods="131" coveredmethods="118" elements="832" coveredelements="764" complexity="0" loc="438" ncloc="438" packages="8" files="26" classes="26"/>
    <package name="api">
      <metrics statements="33" coveredstatements="33" conditionals="28" coveredconditionals="27" methods="7" coveredmethods="7"/>
      <file name="client.ts" path="C:\Users\bolfa\VIA\BachelorCode\StorageConnector\web\src\api\client.ts">
        <metrics statements="33" coveredstatements="33" conditionals="28" coveredconditionals="27" methods="7" coveredmethods="7"/>
        <line num="6" count="21" type="stmt"/>
        <line num="7" count="21" type="stmt"/>
        <line num="8" count="21" type="stmt"/>
        <line num="9" count="21" type="stmt"/>
        <line num="19" count="8" type="stmt"/>
        <line num="24" count="8" type="stmt"/>
        <line num="29" count="8" type="stmt"/>
        <line num="33" count="8" type="stmt"/>
        <line num="34" count="15" type="cond" truecount="1" falsecount="1"/>
        <line num="36" count="11" type="stmt"/>
        <line num="43" count="15" type="stmt"/>
        <line num="50" count="15" type="cond" truecount="2" falsecount="0"/>
        <line num="51" count="1" type="stmt"/>
        <line num="52" count="14" type="cond" truecount="2" falsecount="0"/>
        <line num="53" count="1" type="stmt"/>
        <line num="54" count="1" type="stmt"/>
        <line num="57" count="15" type="stmt"/>
        <line num="64" count="15" type="cond" truecount="2" falsecount="0"/>
        <line num="65" count="15" type="stmt"/>
        <line num="66" count="15" type="stmt"/>
        <line num="68" count="15" type="cond" truecount="4" falsecount="0"/>
        <line num="69" count="13" type="cond" truecount="2" falsecount="0"/>
        <line num="70" count="11" type="stmt"/>
        <line num="72" count="2" type="stmt"/>
        <line num="73" count="2" type="cond" truecount="2" falsecount="0"/>
        <line num="77" count="15" type="cond" truecount="2" falsecount="0"/>
        <line num="79" count="6" type="cond" truecount="7" falsecount="0"/>
        <line num="87" count="6" type="stmt"/>
        <line num="90" count="9" type="stmt"/>
        <line num="93" count="8" type="stmt"/>
        <line num="96" count="13" type="stmt"/>
        <line num="98" count="8" type="stmt"/>
        <line num="101" count="2" type="stmt"/>
      </file>
    </package>
    <package name="api.__mocks__">
      <metrics statements="13" coveredstatements="13" conditionals="0" coveredconditionals="0" methods="0" coveredmethods="0"/>
      <file name="auth.ts" path="C:\Users\bolfa\VIA\BachelorCode\StorageConnector\web\src\api\__mocks__\auth.ts">
        <metrics statements="8" coveredstatements="8" conditionals="0" coveredconditionals="0" methods="0" coveredmethods="0"/>
        <line num="3" count="7" type="stmt"/>
        <line num="4" count="7" type="stmt"/>
        <line num="5" count="7" type="stmt"/>
        <line num="6" count="7" type="stmt"/>
        <line num="7" count="7" type="stmt"/>
        <line num="8" count="7" type="stmt"/>
        <line num="9" count="7" type="stmt"/>
        <line num="10" count="7" type="stmt"/>
      </file>
      <file name="connections.ts" path="C:\Users\bolfa\VIA\BachelorCode\StorageConnector\web\src\api\__mocks__\connections.ts">
        <metrics statements="3" coveredstatements="3" conditionals="0" coveredconditionals="0" methods="0" coveredmethods="0"/>
        <line num="3" count="1" type="stmt"/>
        <line num="4" count="1" type="stmt"/>
        <line num="5" count="1" type="stmt"/>
      </file>
      <file name="files.ts" path="C:\Users\bolfa\VIA\BachelorCode\StorageConnector\web\src\api\__mocks__\files.ts">
        <metrics statements="2" coveredstatements="2" conditionals="0" coveredconditionals="0" methods="0" coveredmethods="0"/>
        <line num="3" count="1" type="stmt"/>
        <line num="4" count="1" type="stmt"/>
      </file>
    </package>
    <package name="components">
      <metrics statements="74" coveredstatements="52" conditionals="30" coveredconditionals="17" methods="25" coveredmethods="19"/>
      <file name="SessionTimeoutMonitor.tsx" path="C:\Users\bolfa\VIA\BachelorCode\StorageConnector\web\src\components\SessionTimeoutMonitor.tsx">
        <metrics statements="56" coveredstatements="34" conditionals="18" coveredconditionals="7" methods="17" coveredmethods="11"/>
        <line num="7" count="1" type="stmt"/>
        <line num="8" count="1" type="stmt"/>
        <line num="9" count="1" type="stmt"/>
        <line num="11" count="1" type="stmt"/>
        <line num="12" count="5" type="stmt"/>
        <line num="13" count="5" type="stmt"/>
        <line num="14" count="5" type="stmt"/>
        <line num="16" count="5" type="stmt"/>
        <line num="17" count="5" type="stmt"/>
        <line num="18" count="5" type="stmt"/>
        <line num="21" count="5" type="stmt"/>
        <line num="22" count="4" type="stmt"/>
        <line num="23" count="4" type="stmt"/>
        <line num="24" count="4" type="stmt"/>
        <line num="28" count="5" type="stmt"/>
        <line num="29" count="0" type="stmt"/>
        <line num="30" count="0" type="stmt"/>
        <line num="31" count="0" type="stmt"/>
        <line num="34" count="0" type="stmt"/>
        <line num="39" count="5" type="stmt"/>
        <line num="40" count="0" type="stmt"/>
        <line num="41" count="0" type="stmt"/>
        <line num="42" count="0" type="stmt"/>
        <line num="48" count="5" type="stmt"/>
        <line num="49" count="4" type="cond" truecount="2" falsecount="0"/>
        <line num="51" count="3" type="stmt"/>
        <line num="53" count="3" type="stmt"/>
        <line num="54" count="12" type="stmt"/>
        <line num="57" count="3" type="stmt"/>
        <line num="58" count="3" type="stmt"/>
        <line num="59" count="12" type="stmt"/>
        <line num="65" count="5" type="stmt"/>
        <line num="66" count="5" type="cond" truecount="2" falsecount="0"/>
        <line num="68" count="4" type="stmt"/>
        <line num="69" count="0" type="stmt"/>
        <line num="70" count="0" type="stmt"/>
        <line num="71" count="0" type="stmt"/>
        <line num="74" count="0" type="cond" truecount="0" falsecount="4"/>
        <line num="75" count="0" type="stmt"/>
        <line num="79" count="0" type="cond" truecount="0" falsecount="2"/>
        <line num="80" count="0" type="stmt"/>
        <line num="84" count="4" type="stmt"/>
        <line num="88" count="5" type="stmt"/>
        <line num="89" count="4" type="cond" truecount="1" falsecount="1"/>
        <line num="90" count="4" type="stmt"/>
        <line num="91" count="4" type="stmt"/>
        <line num="94" count="0" type="stmt"/>
        <line num="95" count="0" type="stmt"/>
        <line num="96" count="0" type="cond" truecount="0" falsecount="2"/>
        <line num="97" count="0" type="stmt"/>
        <line num="98" count="0" type="stmt"/>
        <line num="100" count="0" type="stmt"/>
        <line num="104" count="0" type="stmt"/>
        <line num="107" count="5" type="cond" truecount="2" falsecount="2"/>
        <line num="108" count="5" type="stmt"/>
        <line num="111" count="0" type="stmt"/>
      </file>
      <file name="TopNav.tsx" path="C:\Users\bolfa\VIA\BachelorCode\StorageConnector\web\src\components\TopNav.tsx">
        <metrics statements="18" coveredstatements="18" conditionals="12" coveredconditionals="10" methods="8" coveredmethods="8"/>
        <line num="7" count="1" type="stmt"/>
        <line num="8" count="34" type="stmt"/>
        <line num="15" count="1" type="stmt"/>
        <line num="16" count="17" type="stmt"/>
        <line num="17" count="17" type="stmt"/>
        <line num="18" count="17" type="stmt"/>
        <line num="19" count="17" type="stmt"/>
        <line num="20" count="17" type="stmt"/>
        <line num="22" count="17" type="stmt"/>
        <line num="25" count="2" type="stmt"/>
        <line num="26" count="2" type="stmt"/>
        <line num="27" count="2" type="stmt"/>
        <line num="30" count="1" type="cond" truecount="3" falsecount="1"/>
        <line num="31" count="1" type="stmt"/>
        <line num="32" count="1" type="stmt"/>
        <line num="37" count="17" type="stmt"/>
        <line num="38" count="3" type="stmt"/>
        <line num="41" count="17" type="stmt"/>
      </file>
    </package>
    <package name="components.ui">
      <metrics statements="26" coveredstatements="26" conditionals="37" coveredconditionals="37" methods="9" coveredmethods="9"/>
      <file name="Alert.tsx" path="C:\Users\bolfa\VIA\BachelorCode\StorageConnector\web\src\components\ui\Alert.tsx">
        <metrics statements="3" coveredstatements="3" conditionals="1" coveredconditionals="1" methods="1" coveredmethods="1"/>
        <line num="11" count="9" type="stmt"/>
        <line num="18" count="9" type="cond" truecount="1" falsecount="0"/>
        <line num="19" count="37" type="stmt"/>
      </file>
      <file name="Button.tsx" path="C:\Users\bolfa\VIA\BachelorCode\StorageConnector\web\src\components\ui\Button.tsx">
        <metrics statements="4" coveredstatements="4" conditionals="11" coveredconditionals="11" methods="1" coveredmethods="1"/>
        <line num="14" count="10" type="stmt"/>
        <line num="21" count="10" type="stmt"/>
        <line num="27" count="10" type="stmt"/>
        <line num="37" count="1086" type="stmt"/>
      </file>
      <file name="Card.tsx" path="C:\Users\bolfa\VIA\BachelorCode\StorageConnector\web\src\components\ui\Card.tsx">
        <metrics statements="6" coveredstatements="6" conditionals="4" coveredconditionals="4" methods="3" coveredmethods="3"/>
        <line num="8" count="9" type="cond" truecount="1" falsecount="0"/>
        <line num="9" count="1351" type="stmt"/>
        <line num="21" count="9" type="stmt"/>
        <line num="22" count="280" type="stmt"/>
        <line num="37" count="9" type="cond" truecount="1" falsecount="0"/>
        <line num="38" count="4" type="stmt"/>
      </file>
      <file name="Input.tsx" path="C:\Users\bolfa\VIA\BachelorCode\StorageConnector\web\src\components\ui\Input.tsx">
        <metrics statements="4" coveredstatements="4" conditionals="9" coveredconditionals="9" methods="1" coveredmethods="1"/>
        <line num="9" count="9" type="stmt"/>
        <line num="11" count="2460" type="cond" truecount="2" falsecount="0"/>
        <line num="13" count="2460" type="stmt"/>
        <line num="45" count="9" type="stmt"/>
      </file>
      <file name="PageLayout.tsx" path="C:\Users\bolfa\VIA\BachelorCode\StorageConnector\web\src\components\ui\PageLayout.tsx">
        <metrics statements="9" coveredstatements="9" conditionals="12" coveredconditionals="12" methods="3" coveredmethods="3"/>
        <line num="8" count="9" type="stmt"/>
        <line num="16" count="9" type="cond" truecount="1" falsecount="0"/>
        <line num="17" count="1040" type="cond" truecount="2" falsecount="0"/>
        <line num="18" count="1040" type="cond" truecount="2" falsecount="0"/>
        <line num="20" count="1040" type="stmt"/>
        <line num="33" count="9" type="stmt"/>
        <line num="34" count="381" type="stmt"/>
        <line num="54" count="9" type="cond" truecount="1" falsecount="0"/>
        <line num="55" count="377" type="stmt"/>
      </file>
      <file name="index.ts" path="C:\Users\bolfa\VIA\BachelorCode\StorageConnector\web\src\components\ui\index.ts">
        <metrics statements="0" coveredstatements="0" conditionals="0" coveredconditionals="0" methods="0" coveredmethods="0"/>
      </file>
    </package>
    <package name="constants">
      <metrics statements="2" coveredstatements="2" conditionals="0" coveredconditionals="0" methods="0" coveredmethods="0"/>
      <file name="providers.ts" path="C:\Users\bolfa\VIA\BachelorCode\StorageConnector\web\src\constants\providers.ts">
        <metrics statements="2" coveredstatements="2" conditionals="0" coveredconditionals="0" methods="0" coveredmethods="0"/>
        <line num="10" count="2" type="stmt"/>
        <line num="25" count="2" type="stmt"/>
      </file>
    </package>
    <package name="pages">
      <metrics statements="280" coveredstatements="271" conditionals="166" coveredconditionals="156" methods="83" coveredmethods="76"/>
      <file name="AccountPage.tsx" path="C:\Users\bolfa\VIA\BachelorCode\StorageConnector\web\src\pages\AccountPage.tsx">
        <metrics statements="32" coveredstatements="32" conditionals="10" coveredconditionals="10" methods="8" coveredmethods="7"/>
        <line num="8" count="1" type="stmt"/>
        <line num="9" count="305" type="stmt"/>
        <line num="10" count="305" type="stmt"/>
        <line num="11" count="305" type="stmt"/>
        <line num="12" count="305" type="stmt"/>
        <line num="13" count="305" type="stmt"/>
        <line num="14" count="305" type="stmt"/>
        <line num="16" count="305" type="stmt"/>
        <line num="19" count="3" type="stmt"/>
        <line num="20" count="3" type="stmt"/>
        <line num="21" count="3" type="stmt"/>
        <line num="22" count="3" type="stmt"/>
        <line num="23" count="3" type="stmt"/>
        <line num="26" count="2" type="cond" truecount="2" falsecount="0"/>
        <line num="27" count="1" type="stmt"/>
        <line num="29" count="1" type="stmt"/>
        <line num="31" count="2" type="stmt"/>
        <line num="35" count="305" type="stmt"/>
        <line num="36" count="7" type="stmt"/>
        <line num="37" count="7" type="stmt"/>
        <line num="38" count="7" type="stmt"/>
        <line num="40" count="7" type="cond" truecount="2" falsecount="0"/>
        <line num="41" count="1" type="stmt"/>
        <line num="42" count="1" type="stmt"/>
        <line num="45" count="6" type="cond" truecount="2" falsecount="0"/>
        <line num="46" count="1" type="stmt"/>
        <line num="47" count="1" type="stmt"/>
        <line num="50" count="5" type="stmt"/>
        <line num="56" count="305" type="stmt"/>
        <line num="95" count="97" type="stmt"/>
        <line num="102" count="89" type="stmt"/>
        <line num="110" count="92" type="stmt"/>
      </file>
      <file name="ConnectionsPage.tsx" path="C:\Users\bolfa\VIA\BachelorCode\StorageConnector\web\src\pages\ConnectionsPage.tsx">
        <metrics statements="47" coveredstatements="47" conditionals="40" coveredconditionals="40" methods="16" coveredmethods="16"/>
        <line num="18" count="1" type="stmt"/>
        <line num="19" count="38" type="stmt"/>
        <line num="20" count="38" type="stmt"/>
        <line num="21" count="38" type="stmt"/>
        <line num="22" count="38" type="stmt"/>
        <line num="23" count="38" type="stmt"/>
        <line num="24" count="38" type="stmt"/>
        <line num="25" count="38" type="stmt"/>
        <line num="27" count="38" type="stmt"/>
        <line num="33" count="38" type="stmt"/>
        <line num="34" count="19" type="cond" truecount="2" falsecount="0"/>
        <line num="35" count="7" type="stmt"/>
        <line num="39" count="38" type="stmt"/>
        <line num="40" count="13" type="cond" truecount="2" falsecount="0"/>
        <line num="44" count="1" type="stmt"/>
        <line num="48" count="38" type="stmt"/>
        <line num="51" count="1" type="stmt"/>
        <line num="52" count="1" type="stmt"/>
        <line num="53" count="1" type="stmt"/>
        <line num="56" count="2" type="cond" truecount="2" falsecount="0"/>
        <line num="57" count="1" type="stmt"/>
        <line num="60" count="1" type="stmt"/>
        <line num="62" count="1" type="stmt"/>
        <line num="66" count="38" type="stmt"/>
        <line num="69" count="1" type="stmt"/>
        <line num="70" count="1" type="stmt"/>
        <line num="71" count="1" type="stmt"/>
        <line num="74" count="2" type="cond" truecount="2" falsecount="0"/>
        <line num="75" count="1" type="stmt"/>
        <line num="76" count="1" type="stmt"/>
        <line num="78" count="1" type="stmt"/>
        <line num="82" count="38" type="cond" truecount="2" falsecount="0"/>
        <line num="87" count="2" type="stmt"/>
        <line num="111" count="36" type="cond" truecount="3" falsecount="0"/>
        <line num="113" count="38" type="stmt"/>
        <line num="114" count="50" type="cond" truecount="2" falsecount="0"/>
        <line num="120" count="38" type="stmt"/>
        <line num="131" count="72" type="stmt"/>
        <line num="132" count="72" type="stmt"/>
        <line num="133" count="72" type="cond" truecount="2" falsecount="0"/>
        <line num="134" count="72" type="cond" truecount="2" falsecount="0"/>
        <line num="136" count="72" type="stmt"/>
        <line num="162" count="25" type="stmt"/>
        <line num="174" count="3" type="stmt"/>
        <line num="175" count="3" type="stmt"/>
        <line num="187" count="3" type="stmt"/>
        <line num="188" count="3" type="stmt"/>
      </file>
      <file name="EmailConfirmedPage.tsx" path="C:\Users\bolfa\VIA\BachelorCode\StorageConnector\web\src\pages\EmailConfirmedPage.tsx">
        <metrics statements="2" coveredstatements="2" conditionals="0" coveredconditionals="0" methods="1" coveredmethods="1"/>
        <line num="4" count="1" type="stmt"/>
        <line num="5" count="5" type="stmt"/>
      </file>
      <file name="FilesPage.tsx" path="C:\Users\bolfa\VIA\BachelorCode\StorageConnector\web\src\pages\FilesPage.tsx">
        <metrics statements="65" coveredstatements="59" conditionals="44" coveredconditionals="37" methods="26" coveredmethods="20"/>
        <line num="16" count="1" type="stmt"/>
        <line num="17" count="58" type="stmt"/>
        <line num="18" count="58" type="stmt"/>
        <line num="21" count="58" type="stmt"/>
        <line num="23" count="58" type="stmt"/>
        <line num="25" count="19" type="stmt"/>
        <line num="30" count="58" type="cond" truecount="2" falsecount="0"/>
        <line num="33" count="58" type="stmt"/>
        <line num="34" count="53" type="stmt"/>
        <line num="36" count="102" type="cond" truecount="2" falsecount="0"/>
        <line num="37" count="4" type="stmt"/>
        <line num="40" count="98" type="cond" truecount="2" falsecount="0"/>
        <line num="44" count="30" type="stmt"/>
        <line num="46" count="68" type="stmt"/>
        <line num="50" count="58" type="stmt"/>
        <line num="51" count="3" type="stmt"/>
        <line num="52" count="3" type="stmt"/>
        <line num="53" count="3" type="cond" truecount="2" falsecount="0"/>
        <line num="54" count="2" type="stmt"/>
        <line num="56" count="1" type="stmt"/>
        <line num="58" count="3" type="stmt"/>
        <line num="62" count="58" type="stmt"/>
        <line num="63" count="92" type="cond" truecount="2" falsecount="0"/>
        <line num="64" count="66" type="cond" truecount="2" falsecount="0"/>
        <line num="65" count="65" type="stmt"/>
        <line num="66" count="65" type="stmt"/>
        <line num="67" count="65" type="stmt"/>
        <line num="68" count="65" type="stmt"/>
        <line num="72" count="58" type="stmt"/>
        <line num="75" count="0" type="stmt"/>
        <line num="79" count="92" type="stmt"/>
        <line num="80" count="92" type="stmt"/>
        <line num="116" count="0" type="stmt"/>
        <line num="120" count="92" type="stmt"/>
        <line num="121" count="92" type="stmt"/>
        <line num="136" count="0" type="cond" truecount="0" falsecount="2"/>
        <line num="140" count="92" type="stmt"/>
        <line num="141" count="92" type="stmt"/>
        <line num="143" count="92" type="cond" truecount="2" falsecount="0"/>
        <line num="144" count="26" type="stmt"/>
        <line num="145" count="66" type="cond" truecount="1" falsecount="1"/>
        <line num="147" count="66" type="stmt"/>
        <line num="148" count="66" type="cond" truecount="1" falsecount="1"/>
        <line num="151" count="92" type="stmt"/>
        <line num="160" count="98" type="cond" truecount="2" falsecount="0"/>
        <line num="164" count="92" type="stmt"/>
        <line num="171" count="0" type="stmt"/>
        <line num="175" count="92" type="stmt"/>
        <line num="190" count="92" type="stmt"/>
        <line num="192" count="0" type="stmt"/>
        <line num="217" count="58" type="cond" truecount="2" falsecount="0"/>
        <line num="218" count="17" type="stmt"/>
        <line num="230" count="41" type="cond" truecount="2" falsecount="0"/>
        <line num="231" count="1" type="stmt"/>
        <line num="261" count="0" type="stmt"/>
        <line num="275" count="40" type="cond" truecount="2" falsecount="0"/>
        <line num="276" count="1" type="stmt"/>
        <line num="315" count="39" type="stmt"/>
        <line num="324" count="1" type="stmt"/>
        <line num="367" count="16" type="stmt"/>
        <line num="372" count="1" type="stmt"/>
        <line num="394" count="4" type="stmt"/>
        <line num="426" count="12" type="stmt"/>
        <line num="427" count="12" type="stmt"/>
        <line num="435" count="3" type="stmt"/>
      </file>
      <file name="ForgotPasswordPage.tsx" path="C:\Users\bolfa\VIA\BachelorCode\StorageConnector\web\src\pages\ForgotPasswordPage.tsx">
        <metrics statements="19" coveredstatements="19" conditionals="6" coveredconditionals="6" methods="5" coveredmethods="5"/>
        <line num="8" count="1" type="stmt"/>
        <line num="9" count="106" type="stmt"/>
        <line num="10" count="106" type="stmt"/>
        <line num="11" count="106" type="stmt"/>
        <line num="13" count="106" type="stmt"/>
        <line num="16" count="3" type="stmt"/>
        <line num="17" count="3" type="stmt"/>
        <line num="18" count="3" type="stmt"/>
        <line num="21" count="2" type="cond" truecount="2" falsecount="0"/>
        <line num="22" count="1" type="stmt"/>
        <line num="24" count="1" type="stmt"/>
        <line num="26" count="2" type="stmt"/>
        <line num="30" count="106" type="stmt"/>
        <line num="31" count="5" type="stmt"/>
        <line num="32" count="5" type="stmt"/>
        <line num="33" count="5" type="stmt"/>
        <line num="34" count="5" type="stmt"/>
        <line num="37" count="106" type="stmt"/>
        <line num="59" count="83" type="stmt"/>
      </file>
      <file name="LandingPage.tsx" path="C:\Users\bolfa\VIA\BachelorCode\StorageConnector\web\src\pages\LandingPage.tsx">
        <metrics statements="3" coveredstatements="3" conditionals="2" coveredconditionals="2" methods="2" coveredmethods="2"/>
        <line num="4" count="1" type="stmt"/>
        <line num="5" count="7" type="stmt"/>
        <line num="7" count="7" type="stmt"/>
      </file>
      <file name="LinkResultPage.tsx" path="C:\Users\bolfa\VIA\BachelorCode\StorageConnector\web\src\pages\LinkResultPage.tsx">
        <metrics statements="12" coveredstatements="12" conditionals="14" coveredconditionals="14" methods="3" coveredmethods="3"/>
        <line num="10" count="1" type="stmt"/>
        <line num="11" count="12" type="stmt"/>
        <line num="12" count="12" type="stmt"/>
        <line num="13" count="12" type="stmt"/>
        <line num="14" count="12" type="stmt"/>
        <line num="15" count="12" type="stmt"/>
        <line num="17" count="12" type="stmt"/>
        <line num="19" count="12" type="stmt"/>
        <line num="20" count="12" type="cond" truecount="2" falsecount="0"/>
        <line num="21" count="6" type="stmt"/>
        <line num="22" count="6" type="stmt"/>
        <line num="26" count="12" type="stmt"/>
      </file>
      <file name="LoginPage.tsx" path="C:\Users\bolfa\VIA\BachelorCode\StorageConnector\web\src\pages\LoginPage.tsx">
        <metrics statements="31" coveredstatements="31" conditionals="10" coveredconditionals="10" methods="8" coveredmethods="8"/>
        <line num="8" count="1" type="stmt"/>
        <line num="9" count="563" type="stmt"/>
        <line num="10" count="563" type="stmt"/>
        <line num="11" count="188" type="stmt"/>
        <line num="12" count="188" type="stmt"/>
        <line num="13" count="188" type="stmt"/>
        <line num="14" count="188" type="stmt"/>
        <line num="15" count="188" type="stmt"/>
        <line num="17" count="188" type="stmt"/>
        <line num="20" count="2" type="stmt"/>
        <line num="21" count="2" type="stmt"/>
        <line num="22" count="2" type="stmt"/>
        <line num="23" count="2" type="stmt"/>
        <line num="26" count="4" type="cond" truecount="2" falsecount="0"/>
        <line num="27" count="3" type="cond" truecount="2" falsecount="0"/>
        <line num="28" count="1" type="stmt"/>
        <line num="31" count="1" type="stmt"/>
        <line num="32" count="1" type="stmt"/>
        <line num="34" count="2" type="cond" truecount="2" falsecount="0"/>
        <line num="35" count="1" type="stmt"/>
        <line num="36" count="1" type="stmt"/>
        <line num="37" count="1" type="stmt"/>
        <line num="39" count="1" type="stmt"/>
        <line num="40" count="1" type="stmt"/>
        <line num="42" count="1" type="stmt"/>
        <line num="46" count="188" type="stmt"/>
        <line num="47" count="6" type="stmt"/>
        <line num="48" count="6" type="stmt"/>
        <line num="51" count="188" type="stmt"/>
        <line num="83" count="96" type="stmt"/>
        <line num="109" count="68" type="stmt"/>
      </file>
      <file name="NotFoundPage.tsx" path="C:\Users\bolfa\VIA\BachelorCode\StorageConnector\web\src\pages\NotFoundPage.tsx">
        <metrics statements="4" coveredstatements="4" conditionals="6" coveredconditionals="6" methods="1" coveredmethods="1"/>
        <line num="3" count="1" type="stmt"/>
        <line num="4" count="4" type="stmt"/>
        <line num="5" count="4" type="cond" truecount="4" falsecount="0"/>
        <line num="10" count="4" type="stmt"/>
      </file>
      <file name="RegisterPage.tsx" path="C:\Users\bolfa\VIA\BachelorCode\StorageConnector\web\src\pages\RegisterPage.tsx">
        <metrics statements="34" coveredstatements="34" conditionals="18" coveredconditionals="17" methods="7" coveredmethods="7"/>
        <line num="8" count="1" type="stmt"/>
        <line num="9" count="374" type="stmt"/>
        <line num="10" count="374" type="stmt"/>
        <line num="11" count="374" type="stmt"/>
        <line num="12" count="374" type="stmt"/>
        <line num="13" count="374" type="stmt"/>
        <line num="15" count="374" type="stmt"/>
        <line num="18" count="3" type="stmt"/>
        <line num="22" count="3" type="stmt"/>
        <line num="23" count="3" type="stmt"/>
        <line num="24" count="3" type="stmt"/>
        <line num="27" count="5" type="cond" truecount="2" falsecount="0"/>
        <line num="29" count="3" type="cond" truecount="4" falsecount="0"/>
        <line num="31" count="1" type="stmt"/>
        <line num="32" count="2" type="cond" truecount="2" falsecount="0"/>
        <line num="33" count="1" type="stmt"/>
        <line num="35" count="1" type="stmt"/>
        <line num="39" count="3" type="stmt"/>
        <line num="41" count="2" type="stmt"/>
        <line num="45" count="374" type="stmt"/>
        <line num="46" count="9" type="stmt"/>
        <line num="47" count="9" type="stmt"/>
        <line num="48" count="9" type="stmt"/>
        <line num="51" count="9" type="cond" truecount="2" falsecount="0"/>
        <line num="52" count="1" type="stmt"/>
        <line num="53" count="1" type="stmt"/>
        <line num="56" count="8" type="cond" truecount="2" falsecount="0"/>
        <line num="57" count="1" type="stmt"/>
        <line num="58" count="1" type="stmt"/>
        <line num="61" count="7" type="stmt"/>
        <line num="64" count="374" type="stmt"/>
        <line num="88" count="148" type="stmt"/>
        <line num="95" count="93" type="stmt"/>
        <line num="103" count="99" type="stmt"/>
      </file>
      <file name="ResetPasswordPage.tsx" path="C:\Users\bolfa\VIA\BachelorCode\StorageConnector\web\src\pages\ResetPasswordPage.tsx">
        <metrics statements="31" coveredstatements="28" conditionals="16" coveredconditionals="14" methods="6" coveredmethods="6"/>
        <line num="15" count="1" type="stmt"/>
        <line num="16" count="169" type="stmt"/>
        <line num="17" count="169" type="stmt"/>
        <line num="18" count="169" type="stmt"/>
        <line num="19" count="169" type="stmt"/>
        <line num="21" count="169" type="stmt"/>
        <line num="22" count="169" type="stmt"/>
        <line num="23" count="169" type="stmt"/>
        <line num="25" count="169" type="stmt"/>
        <line num="28" count="2" type="stmt"/>
        <line num="36" count="2" type="cond" truecount="2" falsecount="0"/>
        <line num="37" count="1" type="stmt"/>
        <line num="39" count="1" type="stmt"/>
        <line num="44" count="169" type="stmt"/>
        <line num="45" count="6" type="stmt"/>
        <line num="46" count="6" type="stmt"/>
        <line num="48" count="6" type="cond" truecount="3" falsecount="1"/>
        <line num="49" count="0" type="stmt"/>
        <line num="52" count="0" type="stmt"/>
        <line num="55" count="6" type="cond" truecount="2" falsecount="0"/>
        <line num="56" count="1" type="stmt"/>
        <line num="57" count="1" type="stmt"/>
        <line num="60" count="5" type="cond" truecount="2" falsecount="0"/>
        <line num="61" count="1" type="stmt"/>
        <line num="62" count="1" type="stmt"/>
        <line num="65" count="4" type="stmt"/>
        <line num="72" count="169" type="cond" truecount="3" falsecount="1"/>
        <line num="73" count="0" type="stmt"/>
        <line num="90" count="169" type="stmt"/>
        <line num="107" count="72" type="stmt"/>
        <line num="115" count="78" type="stmt"/>
      </file>
    </package>
    <package name="state">
      <metrics statements="3" coveredstatements="3" conditionals="2" coveredconditionals="2" methods="4" coveredmethods="4"/>
      <file name="auth-store.ts" path="C:\Users\bolfa\VIA\BachelorCode\StorageConnector\web\src\state\auth-store.ts">
        <metrics statements="3" coveredstatements="3" conditionals="2" coveredconditionals="2" methods="4" coveredmethods="4"/>
        <line num="10" count="2" type="stmt"/>
        <line num="14" count="7" type="stmt"/>
        <line num="18" count="3" type="stmt"/>
      </file>
    </package>
    <package name="test">
      <metrics statements="7" coveredstatements="7" conditionals="0" coveredconditionals="0" methods="3" coveredmethods="3"/>
      <file name="test-utils.tsx" path="C:\Users\bolfa\VIA\BachelorCode\StorageConnector\web\src\test\test-utils.tsx">
        <metrics statements="7" coveredstatements="7" conditionals="0" coveredconditionals="0" methods="3" coveredmethods="3"/>
        <line num="8" count="18" type="stmt"/>
        <line num="9" count="206" type="stmt"/>
        <line num="24" count="18" type="stmt"/>
        <line num="25" count="206" type="stmt"/>
        <line num="27" count="206" type="stmt"/>
        <line num="34" count="18" type="stmt"/>
        <line num="36" count="206" type="stmt"/>
      </file>
    </package>
  </project>
</coverage>
