{"C:\\Users\\bolfa\\VIA\\BachelorCode\\StorageConnector\\web\\src\\api\\client.ts": {"path":"C:\\Users\\bolfa\\VIA\\BachelorCode\\StorageConnector\\web\\src\\api\\client.ts","statementMap":{"0":{"start":{"line":6,"column":4},"end":{"line":6,"column":null}},"1":{"start":{"line":7,"column":4},"end":{"line":7,"column":null}},"2":{"start":{"line":8,"column":4},"end":{"line":8,"column":null}},"3":{"start":{"line":9,"column":4},"end":{"line":9,"column":null}},"4":{"start":{"line":19,"column":3},"end":{"line":22,"column":null}},"5":{"start":{"line":24,"column":3},"end":{"line":27,"column":null}},"6":{"start":{"line":29,"column":23},"end":{"line":31,"column":null}},"7":{"start":{"line":33,"column":19},"end":{"line":34,"column":null}},"8":{"start":{"line":34,"column":2},"end":{"line":34,"column":null}},"9":{"start":{"line":36,"column":15},"end":{"line":36,"column":null}},"10":{"start":{"line":36,"column":36},"end":{"line":36,"column":null}},"11":{"start":{"line":43,"column":42},"end":{"line":46,"column":null}},"12":{"start":{"line":50,"column":2},"end":{"line":55,"column":null}},"13":{"start":{"line":51,"column":4},"end":{"line":51,"column":null}},"14":{"start":{"line":52,"column":2},"end":{"line":55,"column":null}},"15":{"start":{"line":53,"column":4},"end":{"line":53,"column":null}},"16":{"start":{"line":54,"column":4},"end":{"line":54,"column":null}},"17":{"start":{"line":57,"column":19},"end":{"line":62,"column":null}},"18":{"start":{"line":64,"column":22},"end":{"line":64,"column":null}},"19":{"start":{"line":65,"column":18},"end":{"line":65,"column":null}},"20":{"start":{"line":66,"column":25},"end":{"line":66,"column":null}},"21":{"start":{"line":68,"column":2},"end":{"line":75,"column":null}},"22":{"start":{"line":69,"column":4},"end":{"line":74,"column":null}},"23":{"start":{"line":70,"column":6},"end":{"line":70,"column":null}},"24":{"start":{"line":70,"column":51},"end":{"line":70,"column":60}},"25":{"start":{"line":72,"column":19},"end":{"line":72,"column":null}},"26":{"start":{"line":73,"column":6},"end":{"line":73,"column":null}},"27":{"start":{"line":77,"column":2},"end":{"line":88,"column":null}},"28":{"start":{"line":79,"column":7},"end":{"line":85,"column":null}},"29":{"start":{"line":87,"column":4},"end":{"line":87,"column":null}},"30":{"start":{"line":90,"column":2},"end":{"line":90,"column":null}},"31":{"start":{"line":93,"column":31},"end":{"line":96,"column":null}},"32":{"start":{"line":96,"column":5},"end":{"line":96,"column":null}},"33":{"start":{"line":98,"column":30},"end":{"line":101,"column":null}},"34":{"start":{"line":101,"column":5},"end":{"line":101,"column":null}}},"fnMap":{"0":{"name":"(anonymous_0)","decl":{"start":{"line":5,"column":2},"end":{"line":5,"column":14}},"loc":{"start":{"line":5,"column":63},"end":{"line":10,"column":null}},"line":5},"1":{"name":"(anonymous_1)","decl":{"start":{"line":33,"column":19},"end":{"line":33,"column":20}},"loc":{"start":{"line":34,"column":2},"end":{"line":34,"column":null}},"line":34},"2":{"name":"(anonymous_2)","decl":{"start":{"line":36,"column":15},"end":{"line":36,"column":16}},"loc":{"start":{"line":36,"column":36},"end":{"line":36,"column":null}},"line":36},"3":{"name":"request","decl":{"start":{"line":38,"column":15},"end":{"line":38,"column":null}},"loc":{"start":{"line":42,"column":22},"end":{"line":91,"column":null}},"line":42},"4":{"name":"(anonymous_4)","decl":{"start":{"line":70,"column":45},"end":{"line":70,"column":51}},"loc":{"start":{"line":70,"column":51},"end":{"line":70,"column":60}},"line":70},"5":{"name":"(anonymous_5)","decl":{"start":{"line":93,"column":31},"end":{"line":93,"column":null}},"loc":{"start":{"line":96,"column":5},"end":{"line":96,"column":null}},"line":96},"6":{"name":"(anonymous_6)","decl":{"start":{"line":98,"column":30},"end":{"line":98,"column":null}},"loc":{"start":{"line":101,"column":5},"end":{"line":101,"column":null}},"line":101}},"branchMap":{"0":{"loc":{"start":{"line":34,"column":2},"end":{"line":34,"column":null}},"type":"cond-expr","locations":[{"start":{"line":34,"column":9},"end":{"line":34,"column":28}},{"start":{"line":34,"column":28},"end":{"line":34,"column":null}}],"line":34},"1":{"loc":{"start":{"line":41,"column":2},"end":{"line":41,"column":null}},"type":"default-arg","locations":[{"start":{"line":41,"column":25},"end":{"line":41,"column":null}}],"line":41},"2":{"loc":{"start":{"line":45,"column":8},"end":{"line":45,"column":null}},"type":"binary-expr","locations":[{"start":{"line":45,"column":8},"end":{"line":45,"column":24}},{"start":{"line":45,"column":24},"end":{"line":45,"column":null}}],"line":45},"3":{"loc":{"start":{"line":50,"column":2},"end":{"line":55,"column":null}},"type":"if","locations":[{"start":{"line":50,"column":2},"end":{"line":55,"column":null}},{"start":{"line":52,"column":2},"end":{"line":55,"column":null}}],"line":50},"4":{"loc":{"start":{"line":52,"column":2},"end":{"line":55,"column":null}},"type":"if","locations":[{"start":{"line":52,"column":2},"end":{"line":55,"column":null}},{"start":{},"end":{}}],"line":52},"5":{"loc":{"start":{"line":64,"column":22},"end":{"line":64,"column":null}},"type":"binary-expr","locations":[{"start":{"line":64,"column":22},"end":{"line":64,"column":62}},{"start":{"line":64,"column":62},"end":{"line":64,"column":null}}],"line":64},"6":{"loc":{"start":{"line":68,"column":2},"end":{"line":75,"column":null}},"type":"if","locations":[{"start":{"line":68,"column":2},"end":{"line":75,"column":null}},{"start":{},"end":{}}],"line":68},"7":{"loc":{"start":{"line":68,"column":6},"end":{"line":68,"column":58}},"type":"binary-expr","locations":[{"start":{"line":68,"column":6},"end":{"line":68,"column":33}},{"start":{"line":68,"column":33},"end":{"line":68,"column":58}}],"line":68},"8":{"loc":{"start":{"line":69,"column":4},"end":{"line":74,"column":null}},"type":"if","locations":[{"start":{"line":69,"column":4},"end":{"line":74,"column":null}},{"start":{"line":71,"column":11},"end":{"line":74,"column":null}}],"line":69},"9":{"loc":{"start":{"line":73,"column":16},"end":{"line":73,"column":null}},"type":"cond-expr","locations":[{"start":{"line":73,"column":30},"end":{"line":73,"column":37}},{"start":{"line":73,"column":37},"end":{"line":73,"column":null}}],"line":73},"10":{"loc":{"start":{"line":77,"column":2},"end":{"line":88,"column":null}},"type":"if","locations":[{"start":{"line":77,"column":2},"end":{"line":88,"column":null}},{"start":{},"end":{}}],"line":77},"11":{"loc":{"start":{"line":79,"column":7},"end":{"line":85,"column":null}},"type":"binary-expr","locations":[{"start":{"line":79,"column":7},"end":{"line":79,"column":null}},{"start":{"line":80,"column":8},"end":{"line":80,"column":null}},{"start":{"line":81,"column":8},"end":{"line":81,"column":null}},{"start":{"line":82,"column":8},"end":{"line":82,"column":null}},{"start":{"line":83,"column":9},"end":{"line":83,"column":null}},{"start":{"line":84,"column":6},"end":{"line":84,"column":null}},{"start":{"line":85,"column":6},"end":{"line":85,"column":null}}],"line":79}},"s":{"0":21,"1":21,"2":21,"3":21,"4":8,"5":8,"6":8,"7":8,"8":15,"9":8,"10":11,"11":15,"12":15,"13":1,"14":14,"15":1,"16":1,"17":15,"18":15,"19":15,"20":15,"21":15,"22":13,"23":11,"24":1,"25":2,"26":2,"27":15,"28":6,"29":6,"30":9,"31":8,"32":13,"33":8,"34":2},"f":{"0":21,"1":15,"2":11,"3":15,"4":1,"5":13,"6":2},"b":{"0":[0,15],"1":[15],"2":[15,14],"3":[1,14],"4":[1,13],"5":[15,2],"6":[13,2],"7":[15,14],"8":[11,2],"9":[1,1],"10":[6,9],"11":[6,5,5,3,3,3,1]},"meta":{"lastBranch":12,"lastFunction":7,"lastStatement":35,"seen":{"f:5:2:5:14":0,"s:6:4:6:Infinity":0,"s:7:4:7:Infinity":1,"s:8:4:8:Infinity":2,"s:9:4:9:Infinity":3,"s:19:3:22:Infinity":4,"s:24:3:27:Infinity":5,"s:29:23:31:Infinity":6,"s:33:19:34:Infinity":7,"f:33:19:33:20":1,"s:34:2:34:Infinity":8,"b:34:9:34:28:34:28:34:Infinity":0,"s:36:15:36:Infinity":9,"f:36:15:36:16":2,"s:36:36:36:Infinity":10,"f:38:15:38:Infinity":3,"b:41:25:41:Infinity":1,"s:43:42:46:Infinity":11,"b:45:8:45:24:45:24:45:Infinity":2,"b:50:2:55:Infinity:52:2:55:Infinity":3,"s:50:2:55:Infinity":12,"s:51:4:51:Infinity":13,"b:52:2:55:Infinity:undefined:undefined:undefined:undefined":4,"s:52:2:55:Infinity":14,"s:53:4:53:Infinity":15,"s:54:4:54:Infinity":16,"s:57:19:62:Infinity":17,"s:64:22:64:Infinity":18,"b:64:22:64:62:64:62:64:Infinity":5,"s:65:18:65:Infinity":19,"s:66:25:66:Infinity":20,"b:68:2:75:Infinity:undefined:undefined:undefined:undefined":6,"s:68:2:75:Infinity":21,"b:68:6:68:33:68:33:68:58":7,"b:69:4:74:Infinity:71:11:74:Infinity":8,"s:69:4:74:Infinity":22,"s:70:6:70:Infinity":23,"f:70:45:70:51":4,"s:70:51:70:60":24,"s:72:19:72:Infinity":25,"s:73:6:73:Infinity":26,"b:73:30:73:37:73:37:73:Infinity":9,"b:77:2:88:Infinity:undefined:undefined:undefined:undefined":10,"s:77:2:88:Infinity":27,"s:79:7:85:Infinity":28,"b:79:7:79:Infinity:80:8:80:Infinity:81:8:81:Infinity:82:8:82:Infinity:83:9:83:Infinity:84:6:84:Infinity:85:6:85:Infinity":11,"s:87:4:87:Infinity":29,"s:90:2:90:Infinity":30,"s:93:31:96:Infinity":31,"f:93:31:93:Infinity":5,"s:96:5:96:Infinity":32,"s:98:30:101:Infinity":33,"f:98:30:98:Infinity":6,"s:101:5:101:Infinity":34}}}
,"C:\\Users\\bolfa\\VIA\\BachelorCode\\StorageConnector\\web\\src\\api\\__mocks__\\auth.ts": {"path":"C:\\Users\\bolfa\\VIA\\BachelorCode\\StorageConnector\\web\\src\\api\\__mocks__\\auth.ts","statementMap":{"0":{"start":{"line":3,"column":21},"end":{"line":3,"column":null}},"1":{"start":{"line":4,"column":24},"end":{"line":4,"column":null}},"2":{"start":{"line":5,"column":30},"end":{"line":5,"column":null}},"3":{"start":{"line":6,"column":22},"end":{"line":6,"column":null}},"4":{"start":{"line":7,"column":30},"end":{"line":7,"column":null}},"5":{"start":{"line":8,"column":36},"end":{"line":8,"column":null}},"6":{"start":{"line":9,"column":29},"end":{"line":9,"column":null}},"7":{"start":{"line":10,"column":34},"end":{"line":10,"column":null}}},"fnMap":{},"branchMap":{},"s":{"0":7,"1":7,"2":7,"3":7,"4":7,"5":7,"6":7,"7":7},"f":{},"b":{},"meta":{"lastBranch":0,"lastFunction":0,"lastStatement":8,"seen":{"s:3:21:3:Infinity":0,"s:4:24:4:Infinity":1,"s:5:30:5:Infinity":2,"s:6:22:6:Infinity":3,"s:7:30:7:Infinity":4,"s:8:36:8:Infinity":5,"s:9:29:9:Infinity":6,"s:10:34:10:Infinity":7}}}
,"C:\\Users\\bolfa\\VIA\\BachelorCode\\StorageConnector\\web\\src\\api\\__mocks__\\connections.ts": {"path":"C:\\Users\\bolfa\\VIA\\BachelorCode\\StorageConnector\\web\\src\\api\\__mocks__\\connections.ts","statementMap":{"0":{"start":{"line":3,"column":30},"end":{"line":3,"column":null}},"1":{"start":{"line":4,"column":25},"end":{"line":4,"column":null}},"2":{"start":{"line":5,"column":26},"end":{"line":5,"column":null}}},"fnMap":{},"branchMap":{},"s":{"0":1,"1":1,"2":1},"f":{},"b":{},"meta":{"lastBranch":0,"lastFunction":0,"lastStatement":3,"seen":{"s:3:30:3:Infinity":0,"s:4:25:4:Infinity":1,"s:5:26:5:Infinity":2}}}
,"C:\\Users\\bolfa\\VIA\\BachelorCode\\StorageConnector\\web\\src\\api\\__mocks__\\files.ts": {"path":"C:\\Users\\bolfa\\VIA\\BachelorCode\\StorageConnector\\web\\src\\api\\__mocks__\\files.ts","statementMap":{"0":{"start":{"line":3,"column":24},"end":{"line":3,"column":null}},"1":{"start":{"line":4,"column":31},"end":{"line":4,"column":null}}},"fnMap":{},"branchMap":{},"s":{"0":1,"1":1},"f":{},"b":{},"meta":{"lastBranch":0,"lastFunction":0,"lastStatement":2,"seen":{"s:3:24:3:Infinity":0,"s:4:31:4:Infinity":1}}}
,"C:\\Users\\bolfa\\VIA\\BachelorCode\\StorageConnector\\web\\src\\components\\SessionTimeoutMonitor.tsx": {"path":"C:\\Users\\bolfa\\VIA\\BachelorCode\\StorageConnector\\web\\src\\components\\SessionTimeoutMonitor.tsx","statementMap":{"0":{"start":{"line":7,"column":24},"end":{"line":7,"column":null}},"1":{"start":{"line":8,"column":21},"end":{"line":8,"column":null}},"2":{"start":{"line":9,"column":27},"end":{"line":9,"column":null}},"3":{"start":{"line":11,"column":37},"end":{"line":160,"column":null}},"4":{"start":{"line":12,"column":8},"end":{"line":12,"column":null}},"5":{"start":{"line":13,"column":8},"end":{"line":13,"column":null}},"6":{"start":{"line":13,"column":50},"end":{"line":13,"column":71}},"7":{"start":{"line":14,"column":8},"end":{"line":14,"column":null}},"8":{"start":{"line":14,"column":40},"end":{"line":14,"column":51}},"9":{"start":{"line":16,"column":36},"end":{"line":16,"column":null}},"10":{"start":{"line":17,"column":32},"end":{"line":17,"column":null}},"11":{"start":{"line":18,"column":38},"end":{"line":18,"column":null}},"12":{"start":{"line":21,"column":8},"end":{"line":25,"column":null}},"13":{"start":{"line":22,"column":4},"end":{"line":22,"column":null}},"14":{"start":{"line":23,"column":4},"end":{"line":23,"column":null}},"15":{"start":{"line":24,"column":4},"end":{"line":24,"column":null}},"16":{"start":{"line":28,"column":8},"end":{"line":36,"column":null}},"17":{"start":{"line":29,"column":4},"end":{"line":35,"column":null}},"18":{"start":{"line":30,"column":6},"end":{"line":30,"column":null}},"19":{"start":{"line":31,"column":6},"end":{"line":31,"column":null}},"20":{"start":{"line":34,"column":6},"end":{"line":34,"column":null}},"21":{"start":{"line":39,"column":8},"end":{"line":45,"column":null}},"22":{"start":{"line":40,"column":4},"end":{"line":40,"column":null}},"23":{"start":{"line":41,"column":4},"end":{"line":41,"column":null}},"24":{"start":{"line":42,"column":4},"end":{"line":44,"column":null}},"25":{"start":{"line":48,"column":2},"end":{"line":62,"column":null}},"26":{"start":{"line":49,"column":4},"end":{"line":49,"column":null}},"27":{"start":{"line":49,"column":26},"end":{"line":49,"column":null}},"28":{"start":{"line":51,"column":27},"end":{"line":51,"column":null}},"29":{"start":{"line":53,"column":4},"end":{"line":55,"column":null}},"30":{"start":{"line":54,"column":6},"end":{"line":54,"column":null}},"31":{"start":{"line":57,"column":4},"end":{"line":61,"column":null}},"32":{"start":{"line":58,"column":6},"end":{"line":60,"column":null}},"33":{"start":{"line":59,"column":8},"end":{"line":59,"column":null}},"34":{"start":{"line":65,"column":2},"end":{"line":85,"column":null}},"35":{"start":{"line":66,"column":4},"end":{"line":66,"column":null}},"36":{"start":{"line":66,"column":26},"end":{"line":66,"column":null}},"37":{"start":{"line":68,"column":26},"end":{"line":82,"column":null}},"38":{"start":{"line":69,"column":18},"end":{"line":69,"column":null}},"39":{"start":{"line":70,"column":36},"end":{"line":70,"column":null}},"40":{"start":{"line":71,"column":31},"end":{"line":71,"column":null}},"41":{"start":{"line":74,"column":6},"end":{"line":76,"column":null}},"42":{"start":{"line":75,"column":8},"end":{"line":75,"column":null}},"43":{"start":{"line":79,"column":6},"end":{"line":81,"column":null}},"44":{"start":{"line":80,"column":8},"end":{"line":80,"column":null}},"45":{"start":{"line":84,"column":4},"end":{"line":84,"column":null}},"46":{"start":{"line":84,"column":17},"end":{"line":84,"column":null}},"47":{"start":{"line":88,"column":2},"end":{"line":105,"column":null}},"48":{"start":{"line":89,"column":4},"end":{"line":92,"column":null}},"49":{"start":{"line":90,"column":6},"end":{"line":90,"column":null}},"50":{"start":{"line":91,"column":6},"end":{"line":91,"column":null}},"51":{"start":{"line":94,"column":30},"end":{"line":102,"column":null}},"52":{"start":{"line":95,"column":6},"end":{"line":101,"column":null}},"53":{"start":{"line":96,"column":8},"end":{"line":99,"column":null}},"54":{"start":{"line":97,"column":10},"end":{"line":97,"column":null}},"55":{"start":{"line":98,"column":10},"end":{"line":98,"column":null}},"56":{"start":{"line":100,"column":8},"end":{"line":100,"column":null}},"57":{"start":{"line":104,"column":4},"end":{"line":104,"column":null}},"58":{"start":{"line":104,"column":17},"end":{"line":104,"column":null}},"59":{"start":{"line":107,"column":2},"end":{"line":109,"column":null}},"60":{"start":{"line":108,"column":4},"end":{"line":108,"column":null}},"61":{"start":{"line":111,"column":2},"end":{"line":158,"column":null}}},"fnMap":{"0":{"name":"(anonymous_0)","decl":{"start":{"line":11,"column":37},"end":{"line":11,"column":43}},"loc":{"start":{"line":11,"column":43},"end":{"line":160,"column":null}},"line":11},"1":{"name":"(anonymous_1)","decl":{"start":{"line":13,"column":39},"end":{"line":13,"column":40}},"loc":{"start":{"line":13,"column":50},"end":{"line":13,"column":71}},"line":13},"2":{"name":"(anonymous_2)","decl":{"start":{"line":14,"column":29},"end":{"line":14,"column":30}},"loc":{"start":{"line":14,"column":40},"end":{"line":14,"column":51}},"line":14},"3":{"name":"(anonymous_3)","decl":{"start":{"line":21,"column":36},"end":{"line":21,"column":42}},"loc":{"start":{"line":21,"column":42},"end":{"line":25,"column":5}},"line":21},"4":{"name":"(anonymous_4)","decl":{"start":{"line":28,"column":36},"end":{"line":28,"column":48}},"loc":{"start":{"line":28,"column":48},"end":{"line":36,"column":5}},"line":28},"5":{"name":"(anonymous_5)","decl":{"start":{"line":39,"column":36},"end":{"line":39,"column":42}},"loc":{"start":{"line":39,"column":42},"end":{"line":45,"column":5}},"line":39},"6":{"name":"(anonymous_6)","decl":{"start":{"line":48,"column":12},"end":{"line":48,"column":18}},"loc":{"start":{"line":48,"column":18},"end":{"line":62,"column":5}},"line":48},"7":{"name":"(anonymous_7)","decl":{"start":{"line":53,"column":27},"end":{"line":53,"column":28}},"loc":{"start":{"line":53,"column":38},"end":{"line":55,"column":5}},"line":53},"8":{"name":"(anonymous_8)","decl":{"start":{"line":57,"column":11},"end":{"line":57,"column":17}},"loc":{"start":{"line":57,"column":17},"end":{"line":61,"column":null}},"line":57},"9":{"name":"(anonymous_9)","decl":{"start":{"line":58,"column":29},"end":{"line":58,"column":30}},"loc":{"start":{"line":58,"column":40},"end":{"line":60,"column":7}},"line":58},"10":{"name":"(anonymous_10)","decl":{"start":{"line":65,"column":12},"end":{"line":65,"column":18}},"loc":{"start":{"line":65,"column":18},"end":{"line":85,"column":5}},"line":65},"11":{"name":"(anonymous_11)","decl":{"start":{"line":68,"column":38},"end":{"line":68,"column":44}},"loc":{"start":{"line":68,"column":44},"end":{"line":82,"column":7}},"line":68},"12":{"name":"(anonymous_12)","decl":{"start":{"line":84,"column":11},"end":{"line":84,"column":17}},"loc":{"start":{"line":84,"column":17},"end":{"line":84,"column":null}},"line":84},"13":{"name":"(anonymous_13)","decl":{"start":{"line":88,"column":12},"end":{"line":88,"column":18}},"loc":{"start":{"line":88,"column":18},"end":{"line":105,"column":5}},"line":88},"14":{"name":"(anonymous_14)","decl":{"start":{"line":94,"column":42},"end":{"line":94,"column":48}},"loc":{"start":{"line":94,"column":48},"end":{"line":102,"column":7}},"line":94},"15":{"name":"(anonymous_15)","decl":{"start":{"line":95,"column":19},"end":{"line":95,"column":20}},"loc":{"start":{"line":95,"column":29},"end":{"line":101,"column":7}},"line":95},"16":{"name":"(anonymous_16)","decl":{"start":{"line":104,"column":11},"end":{"line":104,"column":17}},"loc":{"start":{"line":104,"column":17},"end":{"line":104,"column":null}},"line":104}},"branchMap":{"0":{"loc":{"start":{"line":49,"column":4},"end":{"line":49,"column":null}},"type":"if","locations":[{"start":{"line":49,"column":4},"end":{"line":49,"column":null}},{"start":{},"end":{}}],"line":49},"1":{"loc":{"start":{"line":66,"column":4},"end":{"line":66,"column":null}},"type":"if","locations":[{"start":{"line":66,"column":4},"end":{"line":66,"column":null}},{"start":{},"end":{}}],"line":66},"2":{"loc":{"start":{"line":74,"column":6},"end":{"line":76,"column":null}},"type":"if","locations":[{"start":{"line":74,"column":6},"end":{"line":76,"column":null}},{"start":{},"end":{}}],"line":74},"3":{"loc":{"start":{"line":74,"column":10},"end":{"line":74,"column":68}},"type":"binary-expr","locations":[{"start":{"line":74,"column":10},"end":{"line":74,"column":46}},{"start":{"line":74,"column":46},"end":{"line":74,"column":68}}],"line":74},"4":{"loc":{"start":{"line":79,"column":6},"end":{"line":81,"column":null}},"type":"if","locations":[{"start":{"line":79,"column":6},"end":{"line":81,"column":null}},{"start":{},"end":{}}],"line":79},"5":{"loc":{"start":{"line":89,"column":4},"end":{"line":92,"column":null}},"type":"if","locations":[{"start":{"line":89,"column":4},"end":{"line":92,"column":null}},{"start":{},"end":{}}],"line":89},"6":{"loc":{"start":{"line":96,"column":8},"end":{"line":99,"column":null}},"type":"if","locations":[{"start":{"line":96,"column":8},"end":{"line":99,"column":null}},{"start":{},"end":{}}],"line":96},"7":{"loc":{"start":{"line":107,"column":2},"end":{"line":109,"column":null}},"type":"if","locations":[{"start":{"line":107,"column":2},"end":{"line":109,"column":null}},{"start":{},"end":{}}],"line":107},"8":{"loc":{"start":{"line":107,"column":6},"end":{"line":107,"column":40}},"type":"binary-expr","locations":[{"start":{"line":107,"column":6},"end":{"line":107,"column":22}},{"start":{"line":107,"column":22},"end":{"line":107,"column":40}}],"line":107}},"s":{"0":1,"1":1,"2":1,"3":1,"4":5,"5":5,"6":5,"7":5,"8":5,"9":5,"10":5,"11":5,"12":5,"13":4,"14":4,"15":4,"16":5,"17":0,"18":0,"19":0,"20":0,"21":5,"22":0,"23":0,"24":0,"25":5,"26":4,"27":1,"28":3,"29":3,"30":12,"31":3,"32":3,"33":12,"34":5,"35":5,"36":1,"37":4,"38":0,"39":0,"40":0,"41":0,"42":0,"43":0,"44":0,"45":4,"46":4,"47":5,"48":4,"49":4,"50":4,"51":0,"52":0,"53":0,"54":0,"55":0,"56":0,"57":0,"58":0,"59":5,"60":5,"61":0},"f":{"0":5,"1":5,"2":5,"3":4,"4":0,"5":0,"6":4,"7":12,"8":3,"9":12,"10":5,"11":0,"12":4,"13":4,"14":0,"15":0,"16":0},"b":{"0":[1,3],"1":[1,4],"2":[0,0],"3":[0,0],"4":[0,0],"5":[4,0],"6":[0,0],"7":[5,0],"8":[5,0]},"meta":{"lastBranch":9,"lastFunction":17,"lastStatement":62,"seen":{"s:7:24:7:Infinity":0,"s:8:21:8:Infinity":1,"s:9:27:9:Infinity":2,"s:11:37:160:Infinity":3,"f:11:37:11:43":0,"s:12:8:12:Infinity":4,"s:13:8:13:Infinity":5,"f:13:39:13:40":1,"s:13:50:13:71":6,"s:14:8:14:Infinity":7,"f:14:29:14:30":2,"s:14:40:14:51":8,"s:16:36:16:Infinity":9,"s:17:32:17:Infinity":10,"s:18:38:18:Infinity":11,"s:21:8:25:Infinity":12,"f:21:36:21:42":3,"s:22:4:22:Infinity":13,"s:23:4:23:Infinity":14,"s:24:4:24:Infinity":15,"s:28:8:36:Infinity":16,"f:28:36:28:48":4,"s:29:4:35:Infinity":17,"s:30:6:30:Infinity":18,"s:31:6:31:Infinity":19,"s:34:6:34:Infinity":20,"s:39:8:45:Infinity":21,"f:39:36:39:42":5,"s:40:4:40:Infinity":22,"s:41:4:41:Infinity":23,"s:42:4:44:Infinity":24,"s:48:2:62:Infinity":25,"f:48:12:48:18":6,"b:49:4:49:Infinity:undefined:undefined:undefined:undefined":0,"s:49:4:49:Infinity":26,"s:49:26:49:Infinity":27,"s:51:27:51:Infinity":28,"s:53:4:55:Infinity":29,"f:53:27:53:28":7,"s:54:6:54:Infinity":30,"s:57:4:61:Infinity":31,"f:57:11:57:17":8,"s:58:6:60:Infinity":32,"f:58:29:58:30":9,"s:59:8:59:Infinity":33,"s:65:2:85:Infinity":34,"f:65:12:65:18":10,"b:66:4:66:Infinity:undefined:undefined:undefined:undefined":1,"s:66:4:66:Infinity":35,"s:66:26:66:Infinity":36,"s:68:26:82:Infinity":37,"f:68:38:68:44":11,"s:69:18:69:Infinity":38,"s:70:36:70:Infinity":39,"s:71:31:71:Infinity":40,"b:74:6:76:Infinity:undefined:undefined:undefined:undefined":2,"s:74:6:76:Infinity":41,"b:74:10:74:46:74:46:74:68":3,"s:75:8:75:Infinity":42,"b:79:6:81:Infinity:undefined:undefined:undefined:undefined":4,"s:79:6:81:Infinity":43,"s:80:8:80:Infinity":44,"s:84:4:84:Infinity":45,"f:84:11:84:17":12,"s:84:17:84:Infinity":46,"s:88:2:105:Infinity":47,"f:88:12:88:18":13,"b:89:4:92:Infinity:undefined:undefined:undefined:undefined":5,"s:89:4:92:Infinity":48,"s:90:6:90:Infinity":49,"s:91:6:91:Infinity":50,"s:94:30:102:Infinity":51,"f:94:42:94:48":14,"s:95:6:101:Infinity":52,"f:95:19:95:20":15,"b:96:8:99:Infinity:undefined:undefined:undefined:undefined":6,"s:96:8:99:Infinity":53,"s:97:10:97:Infinity":54,"s:98:10:98:Infinity":55,"s:100:8:100:Infinity":56,"s:104:4:104:Infinity":57,"f:104:11:104:17":16,"s:104:17:104:Infinity":58,"b:107:2:109:Infinity:undefined:undefined:undefined:undefined":7,"s:107:2:109:Infinity":59,"b:107:6:107:22:107:22:107:40":8,"s:108:4:108:Infinity":60,"s:111:2:158:Infinity":61}}}
,"C:\\Users\\bolfa\\VIA\\BachelorCode\\StorageConnector\\web\\src\\components\\TopNav.tsx": {"path":"C:\\Users\\bolfa\\VIA\\BachelorCode\\StorageConnector\\web\\src\\components\\TopNav.tsx","statementMap":{"0":{"start":{"line":7,"column":21},"end":{"line":13,"column":null}},"1":{"start":{"line":8,"column":2},"end":{"line":13,"column":null}},"2":{"start":{"line":15,"column":22},"end":{"line":100,"column":null}},"3":{"start":{"line":16,"column":8},"end":{"line":16,"column":null}},"4":{"start":{"line":16,"column":50},"end":{"line":16,"column":71}},"5":{"start":{"line":17,"column":8},"end":{"line":17,"column":null}},"6":{"start":{"line":17,"column":44},"end":{"line":17,"column":59}},"7":{"start":{"line":18,"column":8},"end":{"line":18,"column":null}},"8":{"start":{"line":18,"column":40},"end":{"line":18,"column":51}},"9":{"start":{"line":19,"column":8},"end":{"line":19,"column":null}},"10":{"start":{"line":20,"column":8},"end":{"line":20,"column":null}},"11":{"start":{"line":22,"column":8},"end":{"line":35,"column":null}},"12":{"start":{"line":25,"column":6},"end":{"line":25,"column":null}},"13":{"start":{"line":26,"column":6},"end":{"line":26,"column":null}},"14":{"start":{"line":27,"column":6},"end":{"line":27,"column":null}},"15":{"start":{"line":30,"column":6},"end":{"line":33,"column":null}},"16":{"start":{"line":31,"column":8},"end":{"line":31,"column":null}},"17":{"start":{"line":32,"column":8},"end":{"line":32,"column":null}},"18":{"start":{"line":37,"column":23},"end":{"line":39,"column":null}},"19":{"start":{"line":38,"column":4},"end":{"line":38,"column":null}},"20":{"start":{"line":41,"column":2},"end":{"line":98,"column":null}}},"fnMap":{"0":{"name":"(anonymous_0)","decl":{"start":{"line":7,"column":21},"end":{"line":7,"column":22}},"loc":{"start":{"line":8,"column":2},"end":{"line":13,"column":null}},"line":8},"1":{"name":"(anonymous_1)","decl":{"start":{"line":15,"column":22},"end":{"line":15,"column":28}},"loc":{"start":{"line":15,"column":28},"end":{"line":100,"column":null}},"line":15},"2":{"name":"(anonymous_2)","decl":{"start":{"line":16,"column":39},"end":{"line":16,"column":40}},"loc":{"start":{"line":16,"column":50},"end":{"line":16,"column":71}},"line":16},"3":{"name":"(anonymous_3)","decl":{"start":{"line":17,"column":33},"end":{"line":17,"column":34}},"loc":{"start":{"line":17,"column":44},"end":{"line":17,"column":59}},"line":17},"4":{"name":"(anonymous_4)","decl":{"start":{"line":18,"column":29},"end":{"line":18,"column":30}},"loc":{"start":{"line":18,"column":40},"end":{"line":18,"column":51}},"line":18},"5":{"name":"(anonymous_5)","decl":{"start":{"line":24,"column":15},"end":{"line":24,"column":21}},"loc":{"start":{"line":24,"column":21},"end":{"line":28,"column":null}},"line":24},"6":{"name":"(anonymous_6)","decl":{"start":{"line":29,"column":13},"end":{"line":29,"column":14}},"loc":{"start":{"line":29,"column":33},"end":{"line":34,"column":null}},"line":29},"7":{"name":"(anonymous_7)","decl":{"start":{"line":37,"column":23},"end":{"line":37,"column":29}},"loc":{"start":{"line":37,"column":29},"end":{"line":39,"column":null}},"line":37}},"branchMap":{"0":{"loc":{"start":{"line":10,"column":4},"end":{"line":12,"column":null}},"type":"cond-expr","locations":[{"start":{"line":11,"column":8},"end":{"line":11,"column":null}},{"start":{"line":12,"column":8},"end":{"line":12,"column":null}}],"line":10},"1":{"loc":{"start":{"line":30,"column":6},"end":{"line":33,"column":null}},"type":"if","locations":[{"start":{"line":30,"column":6},"end":{"line":33,"column":null}},{"start":{},"end":{}}],"line":30},"2":{"loc":{"start":{"line":30,"column":10},"end":{"line":30,"column":61}},"type":"binary-expr","locations":[{"start":{"line":30,"column":10},"end":{"line":30,"column":39}},{"start":{"line":30,"column":39},"end":{"line":30,"column":61}}],"line":30},"3":{"loc":{"start":{"line":54,"column":11},"end":{"line":62,"column":null}},"type":"binary-expr","locations":[{"start":{"line":54,"column":11},"end":{"line":54,"column":null}},{"start":{"line":55,"column":12},"end":{"line":62,"column":null}}],"line":54},"4":{"loc":{"start":{"line":68,"column":11},"end":{"line":94,"column":null}},"type":"cond-expr","locations":[{"start":{"line":69,"column":12},"end":{"line":85,"column":null}},{"start":{"line":87,"column":12},"end":{"line":94,"column":null}}],"line":68},"5":{"loc":{"start":{"line":83,"column":17},"end":{"line":83,"column":null}},"type":"cond-expr","locations":[{"start":{"line":83,"column":44},"end":{"line":83,"column":61}},{"start":{"line":83,"column":61},"end":{"line":83,"column":null}}],"line":83}},"s":{"0":1,"1":34,"2":1,"3":17,"4":17,"5":17,"6":17,"7":17,"8":17,"9":17,"10":17,"11":17,"12":2,"13":2,"14":2,"15":1,"16":1,"17":1,"18":17,"19":3,"20":17},"f":{"0":34,"1":17,"2":17,"3":17,"4":17,"5":2,"6":1,"7":3},"b":{"0":[0,34],"1":[1,0],"2":[1,1],"3":[17,12],"4":[12,5],"5":[1,11]},"meta":{"lastBranch":6,"lastFunction":8,"lastStatement":21,"seen":{"s:7:21:13:Infinity":0,"f:7:21:7:22":0,"s:8:2:13:Infinity":1,"b:11:8:11:Infinity:12:8:12:Infinity":0,"s:15:22:100:Infinity":2,"f:15:22:15:28":1,"s:16:8:16:Infinity":3,"f:16:39:16:40":2,"s:16:50:16:71":4,"s:17:8:17:Infinity":5,"f:17:33:17:34":3,"s:17:44:17:59":6,"s:18:8:18:Infinity":7,"f:18:29:18:30":4,"s:18:40:18:51":8,"s:19:8:19:Infinity":9,"s:20:8:20:Infinity":10,"s:22:8:35:Infinity":11,"f:24:15:24:21":5,"s:25:6:25:Infinity":12,"s:26:6:26:Infinity":13,"s:27:6:27:Infinity":14,"f:29:13:29:14":6,"b:30:6:33:Infinity:undefined:undefined:undefined:undefined":1,"s:30:6:33:Infinity":15,"b:30:10:30:39:30:39:30:61":2,"s:31:8:31:Infinity":16,"s:32:8:32:Infinity":17,"s:37:23:39:Infinity":18,"f:37:23:37:29":7,"s:38:4:38:Infinity":19,"s:41:2:98:Infinity":20,"b:54:11:54:Infinity:55:12:62:Infinity":3,"b:69:12:85:Infinity:87:12:94:Infinity":4,"b:83:44:83:61:83:61:83:Infinity":5}}}
,"C:\\Users\\bolfa\\VIA\\BachelorCode\\StorageConnector\\web\\src\\components\\ui\\Alert.tsx": {"path":"C:\\Users\\bolfa\\VIA\\BachelorCode\\StorageConnector\\web\\src\\components\\ui\\Alert.tsx","statementMap":{"0":{"start":{"line":11,"column":52},"end":{"line":16,"column":null}},"1":{"start":{"line":18,"column":21},"end":{"line":27,"column":null}},"2":{"start":{"line":19,"column":2},"end":{"line":25,"column":null}}},"fnMap":{"0":{"name":"(anonymous_0)","decl":{"start":{"line":18,"column":21},"end":{"line":18,"column":22}},"loc":{"start":{"line":18,"column":76},"end":{"line":27,"column":null}},"line":18}},"branchMap":{"0":{"loc":{"start":{"line":18,"column":43},"end":{"line":18,"column":58}},"type":"default-arg","locations":[{"start":{"line":18,"column":55},"end":{"line":18,"column":58}}],"line":18}},"s":{"0":9,"1":9,"2":37},"f":{"0":37},"b":{"0":[37]},"meta":{"lastBranch":1,"lastFunction":1,"lastStatement":3,"seen":{"s:11:52:16:Infinity":0,"s:18:21:27:Infinity":1,"f:18:21:18:22":0,"b:18:55:18:58":0,"s:19:2:25:Infinity":2}}}
,"C:\\Users\\bolfa\\VIA\\BachelorCode\\StorageConnector\\web\\src\\components\\ui\\Button.tsx": {"path":"C:\\Users\\bolfa\\VIA\\BachelorCode\\StorageConnector\\web\\src\\components\\ui\\Button.tsx","statementMap":{"0":{"start":{"line":14,"column":53},"end":{"line":19,"column":null}},"1":{"start":{"line":21,"column":47},"end":{"line":25,"column":null}},"2":{"start":{"line":27,"column":22},"end":{"line":80,"column":null}},"3":{"start":{"line":37,"column":2},"end":{"line":78,"column":null}}},"fnMap":{"0":{"name":"(anonymous_0)","decl":{"start":{"line":27,"column":22},"end":{"line":27,"column":23}},"loc":{"start":{"line":36,"column":19},"end":{"line":80,"column":null}},"line":36}},"branchMap":{"0":{"loc":{"start":{"line":28,"column":2},"end":{"line":28,"column":null}},"type":"default-arg","locations":[{"start":{"line":28,"column":12},"end":{"line":28,"column":null}}],"line":28},"1":{"loc":{"start":{"line":29,"column":2},"end":{"line":29,"column":null}},"type":"default-arg","locations":[{"start":{"line":29,"column":9},"end":{"line":29,"column":null}}],"line":29},"2":{"loc":{"start":{"line":31,"column":2},"end":{"line":31,"column":null}},"type":"default-arg","locations":[{"start":{"line":31,"column":14},"end":{"line":31,"column":null}}],"line":31},"3":{"loc":{"start":{"line":32,"column":2},"end":{"line":32,"column":null}},"type":"default-arg","locations":[{"start":{"line":32,"column":14},"end":{"line":32,"column":null}}],"line":32},"4":{"loc":{"start":{"line":34,"column":2},"end":{"line":34,"column":null}},"type":"default-arg","locations":[{"start":{"line":34,"column":14},"end":{"line":34,"column":null}}],"line":34},"5":{"loc":{"start":{"line":45,"column":10},"end":{"line":45,"column":35}},"type":"cond-expr","locations":[{"start":{"line":45,"column":22},"end":{"line":45,"column":33}},{"start":{"line":45,"column":33},"end":{"line":45,"column":35}}],"line":45},"6":{"loc":{"start":{"line":48,"column":16},"end":{"line":48,"column":null}},"type":"binary-expr","locations":[{"start":{"line":48,"column":16},"end":{"line":48,"column":28}},{"start":{"line":48,"column":28},"end":{"line":48,"column":null}}],"line":48},"7":{"loc":{"start":{"line":51,"column":7},"end":{"line":76,"column":null}},"type":"cond-expr","locations":[{"start":{"line":52,"column":8},"end":{"line":74,"column":null}},{"start":{"line":76,"column":8},"end":{"line":76,"column":null}}],"line":51}},"s":{"0":10,"1":10,"2":10,"3":1086},"f":{"0":1086},"b":{"0":[1086],"1":[1086],"2":[1086],"3":[1086],"4":[1086],"5":[944,142],"6":[1086,1054],"7":[33,1053]},"meta":{"lastBranch":8,"lastFunction":1,"lastStatement":4,"seen":{"s:14:53:19:Infinity":0,"s:21:47:25:Infinity":1,"s:27:22:80:Infinity":2,"f:27:22:27:23":0,"b:28:12:28:Infinity":0,"b:29:9:29:Infinity":1,"b:31:14:31:Infinity":2,"b:32:14:32:Infinity":3,"b:34:14:34:Infinity":4,"s:37:2:78:Infinity":3,"b:45:22:45:33:45:33:45:35":5,"b:48:16:48:28:48:28:48:Infinity":6,"b:52:8:74:Infinity:76:8:76:Infinity":7}}}
,"C:\\Users\\bolfa\\VIA\\BachelorCode\\StorageConnector\\web\\src\\components\\ui\\Card.tsx": {"path":"C:\\Users\\bolfa\\VIA\\BachelorCode\\StorageConnector\\web\\src\\components\\ui\\Card.tsx","statementMap":{"0":{"start":{"line":8,"column":20},"end":{"line":14,"column":null}},"1":{"start":{"line":9,"column":2},"end":{"line":12,"column":null}},"2":{"start":{"line":21,"column":26},"end":{"line":30,"column":null}},"3":{"start":{"line":22,"column":2},"end":{"line":28,"column":null}},"4":{"start":{"line":37,"column":27},"end":{"line":39,"column":null}},"5":{"start":{"line":38,"column":2},"end":{"line":38,"column":null}}},"fnMap":{"0":{"name":"(anonymous_0)","decl":{"start":{"line":8,"column":20},"end":{"line":8,"column":21}},"loc":{"start":{"line":8,"column":65},"end":{"line":14,"column":null}},"line":8},"1":{"name":"(anonymous_1)","decl":{"start":{"line":21,"column":26},"end":{"line":21,"column":27}},"loc":{"start":{"line":21,"column":71},"end":{"line":30,"column":null}},"line":21},"2":{"name":"(anonymous_2)","decl":{"start":{"line":37,"column":27},"end":{"line":37,"column":28}},"loc":{"start":{"line":37,"column":79},"end":{"line":39,"column":null}},"line":37}},"branchMap":{"0":{"loc":{"start":{"line":8,"column":33},"end":{"line":8,"column":48}},"type":"default-arg","locations":[{"start":{"line":8,"column":45},"end":{"line":8,"column":48}}],"line":8},"1":{"loc":{"start":{"line":25,"column":7},"end":{"line":26,"column":null}},"type":"binary-expr","locations":[{"start":{"line":25,"column":7},"end":{"line":25,"column":null}},{"start":{"line":26,"column":8},"end":{"line":26,"column":null}}],"line":25},"2":{"loc":{"start":{"line":37,"column":40},"end":{"line":37,"column":55}},"type":"default-arg","locations":[{"start":{"line":37,"column":52},"end":{"line":37,"column":55}}],"line":37}},"s":{"0":9,"1":1351,"2":9,"3":280,"4":9,"5":4},"f":{"0":1351,"1":280,"2":4},"b":{"0":[1351],"1":[280,277],"2":[4]},"meta":{"lastBranch":3,"lastFunction":3,"lastStatement":6,"seen":{"s:8:20:14:Infinity":0,"f:8:20:8:21":0,"b:8:45:8:48":0,"s:9:2:12:Infinity":1,"s:21:26:30:Infinity":2,"f:21:26:21:27":1,"s:22:2:28:Infinity":3,"b:25:7:25:Infinity:26:8:26:Infinity":1,"s:37:27:39:Infinity":4,"f:37:27:37:28":2,"b:37:52:37:55":2,"s:38:2:38:Infinity":5}}}
,"C:\\Users\\bolfa\\VIA\\BachelorCode\\StorageConnector\\web\\src\\components\\ui\\Input.tsx": {"path":"C:\\Users\\bolfa\\VIA\\BachelorCode\\StorageConnector\\web\\src\\components\\ui\\Input.tsx","statementMap":{"0":{"start":{"line":9,"column":13},"end":{"line":43,"column":null}},"1":{"start":{"line":11,"column":20},"end":{"line":11,"column":null}},"2":{"start":{"line":13,"column":4},"end":{"line":40,"column":null}},"3":{"start":{"line":45,"column":0},"end":{"line":45,"column":null}}},"fnMap":{"0":{"name":"(anonymous_0)","decl":{"start":{"line":10,"column":2},"end":{"line":10,"column":3}},"loc":{"start":{"line":10,"column":59},"end":{"line":42,"column":null}},"line":10}},"branchMap":{"0":{"loc":{"start":{"line":10,"column":19},"end":{"line":10,"column":35}},"type":"default-arg","locations":[{"start":{"line":10,"column":31},"end":{"line":10,"column":35}}],"line":10},"1":{"loc":{"start":{"line":11,"column":20},"end":{"line":11,"column":null}},"type":"binary-expr","locations":[{"start":{"line":11,"column":20},"end":{"line":11,"column":26}},{"start":{"line":11,"column":26},"end":{"line":11,"column":null}}],"line":11},"2":{"loc":{"start":{"line":15,"column":9},"end":{"line":21,"column":null}},"type":"binary-expr","locations":[{"start":{"line":15,"column":9},"end":{"line":15,"column":null}},{"start":{"line":16,"column":10},"end":{"line":21,"column":null}}],"line":15},"3":{"loc":{"start":{"line":30,"column":14},"end":{"line":30,"column":83}},"type":"cond-expr","locations":[{"start":{"line":30,"column":22},"end":{"line":30,"column":81}},{"start":{"line":30,"column":81},"end":{"line":30,"column":83}}],"line":30},"4":{"loc":{"start":{"line":35,"column":9},"end":{"line":38,"column":null}},"type":"binary-expr","locations":[{"start":{"line":35,"column":9},"end":{"line":35,"column":null}},{"start":{"line":36,"column":10},"end":{"line":38,"column":null}}],"line":35}},"s":{"0":9,"1":2460,"2":2460,"3":9},"f":{"0":2460},"b":{"0":[2460],"1":[2460,2459],"2":[2460,2451],"3":[2,2458],"4":[2460,2]},"meta":{"lastBranch":5,"lastFunction":1,"lastStatement":4,"seen":{"s:9:13:43:Infinity":0,"f:10:2:10:3":0,"b:10:31:10:35":0,"s:11:20:11:Infinity":1,"b:11:20:11:26:11:26:11:Infinity":1,"s:13:4:40:Infinity":2,"b:15:9:15:Infinity:16:10:21:Infinity":2,"b:30:22:30:81:30:81:30:83":3,"b:35:9:35:Infinity:36:10:38:Infinity":4,"s:45:0:45:Infinity":3}}}
,"C:\\Users\\bolfa\\VIA\\BachelorCode\\StorageConnector\\web\\src\\components\\ui\\PageLayout.tsx": {"path":"C:\\Users\\bolfa\\VIA\\BachelorCode\\StorageConnector\\web\\src\\components\\ui\\PageLayout.tsx","statementMap":{"0":{"start":{"line":8,"column":23},"end":{"line":14,"column":null}},"1":{"start":{"line":16,"column":29},"end":{"line":25,"column":null}},"2":{"start":{"line":17,"column":21},"end":{"line":17,"column":null}},"3":{"start":{"line":18,"column":16},"end":{"line":18,"column":null}},"4":{"start":{"line":20,"column":2},"end":{"line":23,"column":null}},"5":{"start":{"line":33,"column":26},"end":{"line":47,"column":null}},"6":{"start":{"line":34,"column":2},"end":{"line":45,"column":null}},"7":{"start":{"line":54,"column":27},"end":{"line":56,"column":null}},"8":{"start":{"line":55,"column":2},"end":{"line":55,"column":null}}},"fnMap":{"0":{"name":"(anonymous_0)","decl":{"start":{"line":16,"column":29},"end":{"line":16,"column":30}},"loc":{"start":{"line":16,"column":86},"end":{"line":25,"column":null}},"line":16},"1":{"name":"(anonymous_1)","decl":{"start":{"line":33,"column":26},"end":{"line":33,"column":27}},"loc":{"start":{"line":33,"column":79},"end":{"line":47,"column":null}},"line":33},"2":{"name":"(anonymous_2)","decl":{"start":{"line":54,"column":27},"end":{"line":54,"column":28}},"loc":{"start":{"line":54,"column":79},"end":{"line":56,"column":null}},"line":54}},"branchMap":{"0":{"loc":{"start":{"line":16,"column":42},"end":{"line":16,"column":60}},"type":"default-arg","locations":[{"start":{"line":16,"column":53},"end":{"line":16,"column":60}}],"line":16},"1":{"loc":{"start":{"line":17,"column":21},"end":{"line":17,"column":null}},"type":"cond-expr","locations":[{"start":{"line":17,"column":43},"end":{"line":17,"column":48}},{"start":{"line":17,"column":48},"end":{"line":17,"column":null}}],"line":17},"2":{"loc":{"start":{"line":18,"column":16},"end":{"line":18,"column":null}},"type":"cond-expr","locations":[{"start":{"line":18,"column":38},"end":{"line":18,"column":63}},{"start":{"line":18,"column":63},"end":{"line":18,"column":null}}],"line":18},"3":{"loc":{"start":{"line":36,"column":22},"end":{"line":36,"column":null}},"type":"cond-expr","locations":[{"start":{"line":36,"column":31},"end":{"line":36,"column":69}},{"start":{"line":36,"column":69},"end":{"line":36,"column":null}}],"line":36},"4":{"loc":{"start":{"line":39,"column":11},"end":{"line":40,"column":null}},"type":"binary-expr","locations":[{"start":{"line":39,"column":11},"end":{"line":39,"column":null}},{"start":{"line":40,"column":12},"end":{"line":40,"column":null}}],"line":39},"5":{"loc":{"start":{"line":43,"column":9},"end":{"line":43,"column":null}},"type":"binary-expr","locations":[{"start":{"line":43,"column":9},"end":{"line":43,"column":19}},{"start":{"line":43,"column":19},"end":{"line":43,"column":null}}],"line":43},"6":{"loc":{"start":{"line":54,"column":40},"end":{"line":54,"column":55}},"type":"default-arg","locations":[{"start":{"line":54,"column":52},"end":{"line":54,"column":55}}],"line":54}},"s":{"0":9,"1":9,"2":1040,"3":1040,"4":1040,"5":9,"6":381,"7":9,"8":377},"f":{"0":1040,"1":381,"2":377},"b":{"0":[1040],"1":[392,648],"2":[392,648],"3":[41,340],"4":[381,374],"5":[381,41],"6":[377]},"meta":{"lastBranch":7,"lastFunction":3,"lastStatement":9,"seen":{"s:8:23:14:Infinity":0,"s:16:29:25:Infinity":1,"f:16:29:16:30":0,"b:16:53:16:60":0,"s:17:21:17:Infinity":2,"b:17:43:17:48:17:48:17:Infinity":1,"s:18:16:18:Infinity":3,"b:18:38:18:63:18:63:18:Infinity":2,"s:20:2:23:Infinity":4,"s:33:26:47:Infinity":5,"f:33:26:33:27":1,"s:34:2:45:Infinity":6,"b:36:31:36:69:36:69:36:Infinity":3,"b:39:11:39:Infinity:40:12:40:Infinity":4,"b:43:9:43:19:43:19:43:Infinity":5,"s:54:27:56:Infinity":7,"f:54:27:54:28":2,"b:54:52:54:55":6,"s:55:2:55:Infinity":8}}}
,"C:\\Users\\bolfa\\VIA\\BachelorCode\\StorageConnector\\web\\src\\components\\ui\\index.ts": {"path":"C:\\Users\\bolfa\\VIA\\BachelorCode\\StorageConnector\\web\\src\\components\\ui\\index.ts","statementMap":{},"fnMap":{},"branchMap":{},"s":{},"f":{},"b":{},"meta":{"lastBranch":0,"lastFunction":0,"lastStatement":0,"seen":{}}}
,"C:\\Users\\bolfa\\VIA\\BachelorCode\\StorageConnector\\web\\src\\constants\\providers.ts": {"path":"C:\\Users\\bolfa\\VIA\\BachelorCode\\StorageConnector\\web\\src\\constants\\providers.ts","statementMap":{"0":{"start":{"line":10,"column":65},"end":{"line":23,"column":null}},"1":{"start":{"line":25,"column":46},"end":{"line":25,"column":null}}},"fnMap":{},"branchMap":{},"s":{"0":2,"1":2},"f":{},"b":{},"meta":{"lastBranch":0,"lastFunction":0,"lastStatement":2,"seen":{"s:10:65:23:Infinity":0,"s:25:46:25:Infinity":1}}}
,"C:\\Users\\bolfa\\VIA\\BachelorCode\\StorageConnector\\web\\src\\pages\\AccountPage.tsx": {"path":"C:\\Users\\bolfa\\VIA\\BachelorCode\\StorageConnector\\web\\src\\pages\\AccountPage.tsx","statementMap":{"0":{"start":{"line":8,"column":27},"end":{"line":129,"column":null}},"1":{"start":{"line":9,"column":8},"end":{"line":9,"column":null}},"2":{"start":{"line":9,"column":44},"end":{"line":9,"column":59}},"3":{"start":{"line":10,"column":44},"end":{"line":10,"column":null}},"4":{"start":{"line":11,"column":36},"end":{"line":11,"column":null}},"5":{"start":{"line":12,"column":44},"end":{"line":12,"column":null}},"6":{"start":{"line":13,"column":42},"end":{"line":13,"column":null}},"7":{"start":{"line":14,"column":38},"end":{"line":14,"column":null}},"8":{"start":{"line":16,"column":8},"end":{"line":33,"column":null}},"9":{"start":{"line":19,"column":6},"end":{"line":19,"column":null}},"10":{"start":{"line":20,"column":6},"end":{"line":20,"column":null}},"11":{"start":{"line":21,"column":6},"end":{"line":21,"column":null}},"12":{"start":{"line":22,"column":6},"end":{"line":22,"column":null}},"13":{"start":{"line":23,"column":6},"end":{"line":23,"column":null}},"14":{"start":{"line":26,"column":6},"end":{"line":30,"column":null}},"15":{"start":{"line":27,"column":8},"end":{"line":27,"column":null}},"16":{"start":{"line":29,"column":8},"end":{"line":29,"column":null}},"17":{"start":{"line":31,"column":6},"end":{"line":31,"column":null}},"18":{"start":{"line":35,"column":23},"end":{"line":54,"column":null}},"19":{"start":{"line":36,"column":4},"end":{"line":36,"column":null}},"20":{"start":{"line":37,"column":4},"end":{"line":37,"column":null}},"21":{"start":{"line":38,"column":4},"end":{"line":38,"column":null}},"22":{"start":{"line":40,"column":4},"end":{"line":43,"column":null}},"23":{"start":{"line":41,"column":6},"end":{"line":41,"column":null}},"24":{"start":{"line":42,"column":6},"end":{"line":42,"column":null}},"25":{"start":{"line":45,"column":4},"end":{"line":48,"column":null}},"26":{"start":{"line":46,"column":6},"end":{"line":46,"column":null}},"27":{"start":{"line":47,"column":6},"end":{"line":47,"column":null}},"28":{"start":{"line":50,"column":4},"end":{"line":53,"column":null}},"29":{"start":{"line":56,"column":2},"end":{"line":127,"column":null}},"30":{"start":{"line":95,"column":35},"end":{"line":95,"column":null}},"31":{"start":{"line":102,"column":35},"end":{"line":102,"column":null}},"32":{"start":{"line":110,"column":35},"end":{"line":110,"column":null}}},"fnMap":{"0":{"name":"(anonymous_0)","decl":{"start":{"line":8,"column":27},"end":{"line":8,"column":33}},"loc":{"start":{"line":8,"column":33},"end":{"line":129,"column":null}},"line":8},"1":{"name":"(anonymous_1)","decl":{"start":{"line":9,"column":33},"end":{"line":9,"column":34}},"loc":{"start":{"line":9,"column":44},"end":{"line":9,"column":59}},"line":9},"2":{"name":"(anonymous_2)","decl":{"start":{"line":18,"column":15},"end":{"line":18,"column":21}},"loc":{"start":{"line":18,"column":21},"end":{"line":24,"column":null}},"line":18},"3":{"name":"(anonymous_3)","decl":{"start":{"line":25,"column":13},"end":{"line":25,"column":14}},"loc":{"start":{"line":25,"column":33},"end":{"line":32,"column":null}},"line":25},"4":{"name":"(anonymous_4)","decl":{"start":{"line":35,"column":23},"end":{"line":35,"column":24}},"loc":{"start":{"line":35,"column":47},"end":{"line":54,"column":null}},"line":35},"5":{"name":"(anonymous_5)","decl":{"start":{"line":95,"column":28},"end":{"line":95,"column":29}},"loc":{"start":{"line":95,"column":35},"end":{"line":95,"column":null}},"line":95},"6":{"name":"(anonymous_6)","decl":{"start":{"line":102,"column":28},"end":{"line":102,"column":29}},"loc":{"start":{"line":102,"column":35},"end":{"line":102,"column":null}},"line":102},"7":{"name":"(anonymous_7)","decl":{"start":{"line":110,"column":28},"end":{"line":110,"column":29}},"loc":{"start":{"line":110,"column":35},"end":{"line":110,"column":null}},"line":110}},"branchMap":{"0":{"loc":{"start":{"line":26,"column":6},"end":{"line":30,"column":null}},"type":"if","locations":[{"start":{"line":26,"column":6},"end":{"line":30,"column":null}},{"start":{"line":28,"column":13},"end":{"line":30,"column":null}}],"line":26},"1":{"loc":{"start":{"line":40,"column":4},"end":{"line":43,"column":null}},"type":"if","locations":[{"start":{"line":40,"column":4},"end":{"line":43,"column":null}},{"start":{},"end":{}}],"line":40},"2":{"loc":{"start":{"line":45,"column":4},"end":{"line":48,"column":null}},"type":"if","locations":[{"start":{"line":45,"column":4},"end":{"line":48,"column":null}},{"start":{},"end":{}}],"line":45},"3":{"loc":{"start":{"line":80,"column":15},"end":{"line":83,"column":null}},"type":"binary-expr","locations":[{"start":{"line":80,"column":15},"end":{"line":80,"column":null}},{"start":{"line":81,"column":16},"end":{"line":83,"column":null}}],"line":80},"4":{"loc":{"start":{"line":85,"column":15},"end":{"line":88,"column":null}},"type":"binary-expr","locations":[{"start":{"line":85,"column":15},"end":{"line":85,"column":null}},{"start":{"line":86,"column":16},"end":{"line":88,"column":null}}],"line":85}},"s":{"0":1,"1":305,"2":0,"3":305,"4":305,"5":305,"6":305,"7":305,"8":305,"9":3,"10":3,"11":3,"12":3,"13":3,"14":2,"15":1,"16":1,"17":2,"18":305,"19":7,"20":7,"21":7,"22":7,"23":1,"24":1,"25":6,"26":1,"27":1,"28":5,"29":305,"30":97,"31":89,"32":92},"f":{"0":305,"1":0,"2":3,"3":2,"4":7,"5":97,"6":89,"7":92},"b":{"0":[1,1],"1":[1,6],"2":[1,5],"3":[305,4],"4":[305,6]},"meta":{"lastBranch":5,"lastFunction":8,"lastStatement":33,"seen":{"s:8:27:129:Infinity":0,"f:8:27:8:33":0,"s:9:8:9:Infinity":1,"f:9:33:9:34":1,"s:9:44:9:59":2,"s:10:44:10:Infinity":3,"s:11:36:11:Infinity":4,"s:12:44:12:Infinity":5,"s:13:42:13:Infinity":6,"s:14:38:14:Infinity":7,"s:16:8:33:Infinity":8,"f:18:15:18:21":2,"s:19:6:19:Infinity":9,"s:20:6:20:Infinity":10,"s:21:6:21:Infinity":11,"s:22:6:22:Infinity":12,"s:23:6:23:Infinity":13,"f:25:13:25:14":3,"b:26:6:30:Infinity:28:13:30:Infinity":0,"s:26:6:30:Infinity":14,"s:27:8:27:Infinity":15,"s:29:8:29:Infinity":16,"s:31:6:31:Infinity":17,"s:35:23:54:Infinity":18,"f:35:23:35:24":4,"s:36:4:36:Infinity":19,"s:37:4:37:Infinity":20,"s:38:4:38:Infinity":21,"b:40:4:43:Infinity:undefined:undefined:undefined:undefined":1,"s:40:4:43:Infinity":22,"s:41:6:41:Infinity":23,"s:42:6:42:Infinity":24,"b:45:4:48:Infinity:undefined:undefined:undefined:undefined":2,"s:45:4:48:Infinity":25,"s:46:6:46:Infinity":26,"s:47:6:47:Infinity":27,"s:50:4:53:Infinity":28,"s:56:2:127:Infinity":29,"b:80:15:80:Infinity:81:16:83:Infinity":3,"b:85:15:85:Infinity:86:16:88:Infinity":4,"f:95:28:95:29":5,"s:95:35:95:Infinity":30,"f:102:28:102:29":6,"s:102:35:102:Infinity":31,"f:110:28:110:29":7,"s:110:35:110:Infinity":32}}}
,"C:\\Users\\bolfa\\VIA\\BachelorCode\\StorageConnector\\web\\src\\pages\\ConnectionsPage.tsx": {"path":"C:\\Users\\bolfa\\VIA\\BachelorCode\\StorageConnector\\web\\src\\pages\\ConnectionsPage.tsx","statementMap":{"0":{"start":{"line":18,"column":31},"end":{"line":204,"column":null}},"1":{"start":{"line":19,"column":8},"end":{"line":19,"column":null}},"2":{"start":{"line":19,"column":50},"end":{"line":19,"column":71}},"3":{"start":{"line":20,"column":8},"end":{"line":20,"column":null}},"4":{"start":{"line":20,"column":51},"end":{"line":20,"column":73}},"5":{"start":{"line":21,"column":8},"end":{"line":21,"column":null}},"6":{"start":{"line":21,"column":40},"end":{"line":21,"column":51}},"7":{"start":{"line":22,"column":8},"end":{"line":22,"column":null}},"8":{"start":{"line":22,"column":44},"end":{"line":22,"column":59}},"9":{"start":{"line":23,"column":8},"end":{"line":23,"column":null}},"10":{"start":{"line":24,"column":36},"end":{"line":24,"column":null}},"11":{"start":{"line":25,"column":40},"end":{"line":25,"column":null}},"12":{"start":{"line":27,"column":8},"end":{"line":31,"column":null}},"13":{"start":{"line":33,"column":2},"end":{"line":37,"column":null}},"14":{"start":{"line":34,"column":4},"end":{"line":36,"column":null}},"15":{"start":{"line":35,"column":6},"end":{"line":35,"column":null}},"16":{"start":{"line":39,"column":2},"end":{"line":46,"column":null}},"17":{"start":{"line":40,"column":4},"end":{"line":45,"column":null}},"18":{"start":{"line":44,"column":6},"end":{"line":44,"column":null}},"19":{"start":{"line":48,"column":8},"end":{"line":64,"column":null}},"20":{"start":{"line":51,"column":6},"end":{"line":51,"column":null}},"21":{"start":{"line":52,"column":6},"end":{"line":52,"column":null}},"22":{"start":{"line":53,"column":6},"end":{"line":53,"column":null}},"23":{"start":{"line":56,"column":6},"end":{"line":61,"column":null}},"24":{"start":{"line":57,"column":8},"end":{"line":59,"column":null}},"25":{"start":{"line":60,"column":8},"end":{"line":60,"column":null}},"26":{"start":{"line":62,"column":6},"end":{"line":62,"column":null}},"27":{"start":{"line":66,"column":8},"end":{"line":80,"column":null}},"28":{"start":{"line":69,"column":6},"end":{"line":69,"column":null}},"29":{"start":{"line":70,"column":6},"end":{"line":70,"column":null}},"30":{"start":{"line":71,"column":6},"end":{"line":71,"column":null}},"31":{"start":{"line":74,"column":6},"end":{"line":77,"column":null}},"32":{"start":{"line":75,"column":8},"end":{"line":75,"column":null}},"33":{"start":{"line":76,"column":8},"end":{"line":76,"column":null}},"34":{"start":{"line":78,"column":6},"end":{"line":78,"column":null}},"35":{"start":{"line":82,"column":2},"end":{"line":108,"column":null}},"36":{"start":{"line":87,"column":4},"end":{"line":106,"column":null}},"37":{"start":{"line":111,"column":4},"end":{"line":111,"column":null}},"38":{"start":{"line":113,"column":32},"end":{"line":118,"column":null}},"39":{"start":{"line":114,"column":54},"end":{"line":117,"column":5}},"40":{"start":{"line":120,"column":2},"end":{"line":202,"column":null}},"41":{"start":{"line":131,"column":31},"end":{"line":131,"column":null}},"42":{"start":{"line":132,"column":25},"end":{"line":132,"column":null}},"43":{"start":{"line":133,"column":27},"end":{"line":133,"column":null}},"44":{"start":{"line":134,"column":27},"end":{"line":134,"column":null}},"45":{"start":{"line":136,"column":12},"end":{"line":197,"column":null}},"46":{"start":{"line":162,"column":20},"end":{"line":167,"column":null}},"47":{"start":{"line":174,"column":22},"end":{"line":174,"column":null}},"48":{"start":{"line":175,"column":22},"end":{"line":175,"column":null}},"49":{"start":{"line":187,"column":24},"end":{"line":187,"column":null}},"50":{"start":{"line":188,"column":24},"end":{"line":188,"column":null}}},"fnMap":{"0":{"name":"(anonymous_0)","decl":{"start":{"line":18,"column":31},"end":{"line":18,"column":37}},"loc":{"start":{"line":18,"column":37},"end":{"line":204,"column":null}},"line":18},"1":{"name":"(anonymous_1)","decl":{"start":{"line":19,"column":39},"end":{"line":19,"column":40}},"loc":{"start":{"line":19,"column":50},"end":{"line":19,"column":71}},"line":19},"2":{"name":"(anonymous_2)","decl":{"start":{"line":20,"column":40},"end":{"line":20,"column":41}},"loc":{"start":{"line":20,"column":51},"end":{"line":20,"column":73}},"line":20},"3":{"name":"(anonymous_3)","decl":{"start":{"line":21,"column":29},"end":{"line":21,"column":30}},"loc":{"start":{"line":21,"column":40},"end":{"line":21,"column":51}},"line":21},"4":{"name":"(anonymous_4)","decl":{"start":{"line":22,"column":33},"end":{"line":22,"column":34}},"loc":{"start":{"line":22,"column":44},"end":{"line":22,"column":59}},"line":22},"5":{"name":"(anonymous_5)","decl":{"start":{"line":33,"column":12},"end":{"line":33,"column":18}},"loc":{"start":{"line":33,"column":18},"end":{"line":37,"column":5}},"line":33},"6":{"name":"(anonymous_6)","decl":{"start":{"line":39,"column":12},"end":{"line":39,"column":18}},"loc":{"start":{"line":39,"column":18},"end":{"line":46,"column":5}},"line":39},"7":{"name":"(anonymous_7)","decl":{"start":{"line":50,"column":15},"end":{"line":50,"column":16}},"loc":{"start":{"line":50,"column":29},"end":{"line":54,"column":null}},"line":50},"8":{"name":"(anonymous_8)","decl":{"start":{"line":55,"column":13},"end":{"line":55,"column":14}},"loc":{"start":{"line":55,"column":57},"end":{"line":63,"column":null}},"line":55},"9":{"name":"(anonymous_9)","decl":{"start":{"line":68,"column":15},"end":{"line":68,"column":22}},"loc":{"start":{"line":68,"column":38},"end":{"line":72,"column":null}},"line":68},"10":{"name":"(anonymous_10)","decl":{"start":{"line":73,"column":13},"end":{"line":73,"column":14}},"loc":{"start":{"line":73,"column":57},"end":{"line":79,"column":null}},"line":73},"11":{"name":"(anonymous_11)","decl":{"start":{"line":114,"column":38},"end":{"line":114,"column":39}},"loc":{"start":{"line":114,"column":54},"end":{"line":117,"column":5}},"line":114},"12":{"name":"(anonymous_12)","decl":{"start":{"line":130,"column":30},"end":{"line":130,"column":31}},"loc":{"start":{"line":130,"column":44},"end":{"line":199,"column":11}},"line":130},"13":{"name":"(anonymous_13)","decl":{"start":{"line":161,"column":30},"end":{"line":161,"column":31}},"loc":{"start":{"line":162,"column":20},"end":{"line":167,"column":null}},"line":162},"14":{"name":"(anonymous_14)","decl":{"start":{"line":173,"column":29},"end":{"line":173,"column":35}},"loc":{"start":{"line":173,"column":35},"end":{"line":176,"column":null}},"line":173},"15":{"name":"(anonymous_15)","decl":{"start":{"line":186,"column":31},"end":{"line":186,"column":37}},"loc":{"start":{"line":186,"column":37},"end":{"line":189,"column":null}},"line":186}},"branchMap":{"0":{"loc":{"start":{"line":34,"column":4},"end":{"line":36,"column":null}},"type":"if","locations":[{"start":{"line":34,"column":4},"end":{"line":36,"column":null}},{"start":{},"end":{}}],"line":34},"1":{"loc":{"start":{"line":40,"column":4},"end":{"line":45,"column":null}},"type":"if","locations":[{"start":{"line":40,"column":4},"end":{"line":45,"column":null}},{"start":{},"end":{}}],"line":40},"2":{"loc":{"start":{"line":41,"column":6},"end":{"line":42,"column":null}},"type":"binary-expr","locations":[{"start":{"line":41,"column":6},"end":{"line":41,"column":null}},{"start":{"line":42,"column":6},"end":{"line":42,"column":null}}],"line":41},"3":{"loc":{"start":{"line":56,"column":6},"end":{"line":61,"column":null}},"type":"if","locations":[{"start":{"line":56,"column":6},"end":{"line":61,"column":null}},{"start":{},"end":{}}],"line":56},"4":{"loc":{"start":{"line":74,"column":6},"end":{"line":77,"column":null}},"type":"if","locations":[{"start":{"line":74,"column":6},"end":{"line":77,"column":null}},{"start":{},"end":{}}],"line":74},"5":{"loc":{"start":{"line":82,"column":2},"end":{"line":108,"column":null}},"type":"if","locations":[{"start":{"line":82,"column":2},"end":{"line":108,"column":null}},{"start":{},"end":{}}],"line":82},"6":{"loc":{"start":{"line":83,"column":4},"end":{"line":85,"column":null}},"type":"binary-expr","locations":[{"start":{"line":83,"column":4},"end":{"line":83,"column":null}},{"start":{"line":84,"column":5},"end":{"line":84,"column":null}},{"start":{"line":85,"column":6},"end":{"line":85,"column":null}}],"line":83},"7":{"loc":{"start":{"line":111,"column":4},"end":{"line":111,"column":null}},"type":"binary-expr","locations":[{"start":{"line":111,"column":4},"end":{"line":111,"column":34}},{"start":{"line":111,"column":34},"end":{"line":111,"column":65}},{"start":{"line":111,"column":65},"end":{"line":111,"column":null}}],"line":111},"8":{"loc":{"start":{"line":114,"column":5},"end":{"line":114,"column":34}},"type":"binary-expr","locations":[{"start":{"line":114,"column":5},"end":{"line":114,"column":30}},{"start":{"line":114,"column":30},"end":{"line":114,"column":34}}],"line":114},"9":{"loc":{"start":{"line":127,"column":9},"end":{"line":127,"column":null}},"type":"binary-expr","locations":[{"start":{"line":127,"column":9},"end":{"line":127,"column":26}},{"start":{"line":127,"column":26},"end":{"line":127,"column":null}}],"line":127},"10":{"loc":{"start":{"line":128,"column":9},"end":{"line":128,"column":null}},"type":"binary-expr","locations":[{"start":{"line":128,"column":9},"end":{"line":128,"column":24}},{"start":{"line":128,"column":24},"end":{"line":128,"column":null}}],"line":128},"11":{"loc":{"start":{"line":133,"column":27},"end":{"line":133,"column":null}},"type":"binary-expr","locations":[{"start":{"line":133,"column":27},"end":{"line":133,"column":51}},{"start":{"line":133,"column":51},"end":{"line":133,"column":null}}],"line":133},"12":{"loc":{"start":{"line":134,"column":27},"end":{"line":134,"column":null}},"type":"binary-expr","locations":[{"start":{"line":134,"column":27},"end":{"line":134,"column":49}},{"start":{"line":134,"column":49},"end":{"line":134,"column":null}}],"line":134},"13":{"loc":{"start":{"line":147,"column":22},"end":{"line":149,"column":null}},"type":"cond-expr","locations":[{"start":{"line":148,"column":26},"end":{"line":148,"column":null}},{"start":{"line":149,"column":26},"end":{"line":149,"column":null}}],"line":147},"14":{"loc":{"start":{"line":152,"column":21},"end":{"line":152,"column":null}},"type":"cond-expr","locations":[{"start":{"line":152,"column":30},"end":{"line":152,"column":41}},{"start":{"line":152,"column":41},"end":{"line":152,"column":null}}],"line":152},"15":{"loc":{"start":{"line":156,"column":19},"end":{"line":159,"column":null}},"type":"binary-expr","locations":[{"start":{"line":156,"column":19},"end":{"line":156,"column":null}},{"start":{"line":157,"column":20},"end":{"line":159,"column":null}}],"line":156},"16":{"loc":{"start":{"line":178,"column":30},"end":{"line":178,"column":null}},"type":"binary-expr","locations":[{"start":{"line":178,"column":30},"end":{"line":178,"column":61}},{"start":{"line":178,"column":61},"end":{"line":178,"column":null}}],"line":178},"17":{"loc":{"start":{"line":181,"column":21},"end":{"line":181,"column":null}},"type":"cond-expr","locations":[{"start":{"line":181,"column":30},"end":{"line":181,"column":44}},{"start":{"line":181,"column":44},"end":{"line":181,"column":null}}],"line":181},"18":{"loc":{"start":{"line":183,"column":19},"end":{"line":194,"column":null}},"type":"binary-expr","locations":[{"start":{"line":183,"column":19},"end":{"line":183,"column":null}},{"start":{"line":184,"column":20},"end":{"line":194,"column":null}}],"line":183}},"s":{"0":1,"1":38,"2":38,"3":38,"4":38,"5":38,"6":38,"7":38,"8":38,"9":38,"10":38,"11":38,"12":38,"13":38,"14":19,"15":7,"16":38,"17":13,"18":1,"19":38,"20":1,"21":1,"22":1,"23":2,"24":1,"25":1,"26":1,"27":38,"28":1,"29":1,"30":1,"31":2,"32":1,"33":1,"34":1,"35":38,"36":2,"37":36,"38":38,"39":50,"40":38,"41":72,"42":72,"43":72,"44":72,"45":72,"46":25,"47":3,"48":3,"49":3,"50":3},"f":{"0":38,"1":38,"2":38,"3":38,"4":38,"5":19,"6":13,"7":1,"8":2,"9":1,"10":2,"11":50,"12":72,"13":25,"14":3,"15":3},"b":{"0":[7,12],"1":[1,12],"2":[13,1],"3":[1,1],"4":[1,1],"5":[2,36],"6":[38,37,1],"7":[36,25,25],"8":[38,11],"9":[38,4],"10":[38,8],"11":[72,22],"12":[72,22],"13":[25,47],"14":[25,47],"15":[72,47],"16":[72,66],"17":[25,47],"18":[72,25]},"meta":{"lastBranch":19,"lastFunction":16,"lastStatement":51,"seen":{"s:18:31:204:Infinity":0,"f:18:31:18:37":0,"s:19:8:19:Infinity":1,"f:19:39:19:40":1,"s:19:50:19:71":2,"s:20:8:20:Infinity":3,"f:20:40:20:41":2,"s:20:51:20:73":4,"s:21:8:21:Infinity":5,"f:21:29:21:30":3,"s:21:40:21:51":6,"s:22:8:22:Infinity":7,"f:22:33:22:34":4,"s:22:44:22:59":8,"s:23:8:23:Infinity":9,"s:24:36:24:Infinity":10,"s:25:40:25:Infinity":11,"s:27:8:31:Infinity":12,"s:33:2:37:Infinity":13,"f:33:12:33:18":5,"b:34:4:36:Infinity:undefined:undefined:undefined:undefined":0,"s:34:4:36:Infinity":14,"s:35:6:35:Infinity":15,"s:39:2:46:Infinity":16,"f:39:12:39:18":6,"b:40:4:45:Infinity:undefined:undefined:undefined:undefined":1,"s:40:4:45:Infinity":17,"b:41:6:41:Infinity:42:6:42:Infinity":2,"s:44:6:44:Infinity":18,"s:48:8:64:Infinity":19,"f:50:15:50:16":7,"s:51:6:51:Infinity":20,"s:52:6:52:Infinity":21,"s:53:6:53:Infinity":22,"f:55:13:55:14":8,"b:56:6:61:Infinity:undefined:undefined:undefined:undefined":3,"s:56:6:61:Infinity":23,"s:57:8:59:Infinity":24,"s:60:8:60:Infinity":25,"s:62:6:62:Infinity":26,"s:66:8:80:Infinity":27,"f:68:15:68:22":9,"s:69:6:69:Infinity":28,"s:70:6:70:Infinity":29,"s:71:6:71:Infinity":30,"f:73:13:73:14":10,"b:74:6:77:Infinity:undefined:undefined:undefined:undefined":4,"s:74:6:77:Infinity":31,"s:75:8:75:Infinity":32,"s:76:8:76:Infinity":33,"s:78:6:78:Infinity":34,"b:82:2:108:Infinity:undefined:undefined:undefined:undefined":5,"s:82:2:108:Infinity":35,"b:83:4:83:Infinity:84:5:84:Infinity:85:6:85:Infinity":6,"s:87:4:106:Infinity":36,"s:111:4:111:Infinity":37,"b:111:4:111:34:111:34:111:65:111:65:111:Infinity":7,"s:113:32:118:Infinity":38,"b:114:5:114:30:114:30:114:34":8,"f:114:38:114:39":11,"s:114:54:117:5":39,"s:120:2:202:Infinity":40,"b:127:9:127:26:127:26:127:Infinity":9,"b:128:9:128:24:128:24:128:Infinity":10,"f:130:30:130:31":12,"s:131:31:131:Infinity":41,"s:132:25:132:Infinity":42,"s:133:27:133:Infinity":43,"b:133:27:133:51:133:51:133:Infinity":11,"s:134:27:134:Infinity":44,"b:134:27:134:49:134:49:134:Infinity":12,"s:136:12:197:Infinity":45,"b:148:26:148:Infinity:149:26:149:Infinity":13,"b:152:30:152:41:152:41:152:Infinity":14,"b:156:19:156:Infinity:157:20:159:Infinity":15,"f:161:30:161:31":13,"s:162:20:167:Infinity":46,"f:173:29:173:35":14,"s:174:22:174:Infinity":47,"s:175:22:175:Infinity":48,"b:178:30:178:61:178:61:178:Infinity":16,"b:181:30:181:44:181:44:181:Infinity":17,"b:183:19:183:Infinity:184:20:194:Infinity":18,"f:186:31:186:37":15,"s:187:24:187:Infinity":49,"s:188:24:188:Infinity":50}}}
,"C:\\Users\\bolfa\\VIA\\BachelorCode\\StorageConnector\\web\\src\\pages\\EmailConfirmedPage.tsx": {"path":"C:\\Users\\bolfa\\VIA\\BachelorCode\\StorageConnector\\web\\src\\pages\\EmailConfirmedPage.tsx","statementMap":{"0":{"start":{"line":4,"column":34},"end":{"line":35,"column":null}},"1":{"start":{"line":5,"column":2},"end":{"line":33,"column":null}}},"fnMap":{"0":{"name":"(anonymous_0)","decl":{"start":{"line":4,"column":34},"end":{"line":4,"column":40}},"loc":{"start":{"line":4,"column":40},"end":{"line":35,"column":null}},"line":4}},"branchMap":{},"s":{"0":1,"1":5},"f":{"0":5},"b":{},"meta":{"lastBranch":0,"lastFunction":1,"lastStatement":2,"seen":{"s:4:34:35:Infinity":0,"f:4:34:4:40":0,"s:5:2:33:Infinity":1}}}
,"C:\\Users\\bolfa\\VIA\\BachelorCode\\StorageConnector\\web\\src\\pages\\FilesPage.tsx": {"path":"C:\\Users\\bolfa\\VIA\\BachelorCode\\StorageConnector\\web\\src\\pages\\FilesPage.tsx","statementMap":{"0":{"start":{"line":16,"column":25},"end":{"line":496,"column":null}},"1":{"start":{"line":17,"column":34},"end":{"line":17,"column":null}},"2":{"start":{"line":18,"column":48},"end":{"line":20,"column":null}},"3":{"start":{"line":21,"column":42},"end":{"line":21,"column":null}},"4":{"start":{"line":23,"column":8},"end":{"line":27,"column":null}},"5":{"start":{"line":25,"column":13},"end":{"line":25,"column":null}},"6":{"start":{"line":30,"column":16},"end":{"line":30,"column":null}},"7":{"start":{"line":33,"column":8},"end":{"line":48,"column":null}},"8":{"start":{"line":34,"column":4},"end":{"line":47,"column":null}},"9":{"start":{"line":36,"column":6},"end":{"line":38,"column":null}},"10":{"start":{"line":37,"column":8},"end":{"line":37,"column":null}},"11":{"start":{"line":40,"column":6},"end":{"line":45,"column":null}},"12":{"start":{"line":44,"column":8},"end":{"line":44,"column":null}},"13":{"start":{"line":46,"column":6},"end":{"line":46,"column":null}},"14":{"start":{"line":50,"column":25},"end":{"line":60,"column":null}},"15":{"start":{"line":51,"column":4},"end":{"line":59,"column":null}},"16":{"start":{"line":52,"column":21},"end":{"line":52,"column":null}},"17":{"start":{"line":53,"column":6},"end":{"line":57,"column":null}},"18":{"start":{"line":54,"column":8},"end":{"line":54,"column":null}},"19":{"start":{"line":56,"column":8},"end":{"line":56,"column":null}},"20":{"start":{"line":58,"column":6},"end":{"line":58,"column":null}},"21":{"start":{"line":62,"column":25},"end":{"line":69,"column":null}},"22":{"start":{"line":63,"column":4},"end":{"line":63,"column":null}},"23":{"start":{"line":63,"column":24},"end":{"line":63,"column":null}},"24":{"start":{"line":64,"column":4},"end":{"line":64,"column":null}},"25":{"start":{"line":64,"column":21},"end":{"line":64,"column":null}},"26":{"start":{"line":65,"column":14},"end":{"line":65,"column":null}},"27":{"start":{"line":66,"column":18},"end":{"line":66,"column":null}},"28":{"start":{"line":67,"column":14},"end":{"line":67,"column":null}},"29":{"start":{"line":68,"column":4},"end":{"line":68,"column":null}},"30":{"start":{"line":72,"column":51},"end":{"line":214,"column":null}},"31":{"start":{"line":75,"column":25},"end":{"line":75,"column":null}},"32":{"start":{"line":79,"column":25},"end":{"line":79,"column":null}},"33":{"start":{"line":80,"column":8},"end":{"line":110,"column":null}},"34":{"start":{"line":116,"column":25},"end":{"line":116,"column":null}},"35":{"start":{"line":120,"column":25},"end":{"line":120,"column":null}},"36":{"start":{"line":121,"column":8},"end":{"line":130,"column":null}},"37":{"start":{"line":136,"column":25},"end":{"line":136,"column":null}},"38":{"start":{"line":140,"column":25},"end":{"line":140,"column":null}},"39":{"start":{"line":141,"column":26},"end":{"line":141,"column":null}},"40":{"start":{"line":143,"column":8},"end":{"line":149,"column":null}},"41":{"start":{"line":144,"column":10},"end":{"line":144,"column":null}},"42":{"start":{"line":145,"column":8},"end":{"line":149,"column":null}},"43":{"start":{"line":147,"column":24},"end":{"line":147,"column":null}},"44":{"start":{"line":148,"column":10},"end":{"line":148,"column":null}},"45":{"start":{"line":151,"column":8},"end":{"line":154,"column":null}},"46":{"start":{"line":160,"column":25},"end":{"line":160,"column":null}},"47":{"start":{"line":164,"column":8},"end":{"line":166,"column":null}},"48":{"start":{"line":171,"column":25},"end":{"line":171,"column":null}},"49":{"start":{"line":175,"column":8},"end":{"line":182,"column":null}},"50":{"start":{"line":190,"column":8},"end":{"line":211,"column":null}},"51":{"start":{"line":192,"column":12},"end":{"line":192,"column":null}},"52":{"start":{"line":217,"column":2},"end":{"line":228,"column":null}},"53":{"start":{"line":218,"column":4},"end":{"line":226,"column":null}},"54":{"start":{"line":230,"column":2},"end":{"line":272,"column":null}},"55":{"start":{"line":231,"column":4},"end":{"line":270,"column":null}},"56":{"start":{"line":261,"column":55},"end":{"line":261,"column":77}},"57":{"start":{"line":275,"column":2},"end":{"line":313,"column":null}},"58":{"start":{"line":276,"column":4},"end":{"line":311,"column":null}},"59":{"start":{"line":315,"column":2},"end":{"line":494,"column":null}},"60":{"start":{"line":324,"column":29},"end":{"line":324,"column":null}},"61":{"start":{"line":367,"column":31},"end":{"line":367,"column":null}},"62":{"start":{"line":372,"column":31},"end":{"line":372,"column":null}},"63":{"start":{"line":394,"column":29},"end":{"line":394,"column":null}},"64":{"start":{"line":426,"column":37},"end":{"line":426,"column":null}},"65":{"start":{"line":427,"column":24},"end":{"line":441,"column":null}},"66":{"start":{"line":435,"column":46},"end":{"line":435,"column":null}}},"fnMap":{"0":{"name":"(anonymous_0)","decl":{"start":{"line":16,"column":25},"end":{"line":16,"column":31}},"loc":{"start":{"line":16,"column":31},"end":{"line":496,"column":null}},"line":16},"1":{"name":"(anonymous_1)","decl":{"start":{"line":25,"column":13},"end":{"line":25,"column":19}},"loc":{"start":{"line":25,"column":13},"end":{"line":25,"column":null}},"line":25},"2":{"name":"(anonymous_2)","decl":{"start":{"line":33,"column":32},"end":{"line":33,"column":38}},"loc":{"start":{"line":33,"column":38},"end":{"line":48,"column":5}},"line":33},"3":{"name":"(anonymous_3)","decl":{"start":{"line":34,"column":24},"end":{"line":34,"column":25}},"loc":{"start":{"line":34,"column":34},"end":{"line":47,"column":5}},"line":34},"4":{"name":"(anonymous_4)","decl":{"start":{"line":50,"column":25},"end":{"line":50,"column":26}},"loc":{"start":{"line":50,"column":53},"end":{"line":60,"column":null}},"line":50},"5":{"name":"(anonymous_5)","decl":{"start":{"line":51,"column":25},"end":{"line":51,"column":26}},"loc":{"start":{"line":51,"column":35},"end":{"line":59,"column":5}},"line":51},"6":{"name":"(anonymous_6)","decl":{"start":{"line":62,"column":25},"end":{"line":62,"column":26}},"loc":{"start":{"line":62,"column":51},"end":{"line":69,"column":null}},"line":62},"7":{"name":"(anonymous_7)","decl":{"start":{"line":75,"column":16},"end":{"line":75,"column":17}},"loc":{"start":{"line":75,"column":25},"end":{"line":75,"column":null}},"line":75},"8":{"name":"(anonymous_8)","decl":{"start":{"line":78,"column":12},"end":{"line":78,"column":13}},"loc":{"start":{"line":78,"column":21},"end":{"line":112,"column":null}},"line":78},"9":{"name":"(anonymous_9)","decl":{"start":{"line":116,"column":16},"end":{"line":116,"column":17}},"loc":{"start":{"line":116,"column":25},"end":{"line":116,"column":null}},"line":116},"10":{"name":"(anonymous_10)","decl":{"start":{"line":119,"column":12},"end":{"line":119,"column":13}},"loc":{"start":{"line":119,"column":21},"end":{"line":132,"column":null}},"line":119},"11":{"name":"(anonymous_11)","decl":{"start":{"line":136,"column":16},"end":{"line":136,"column":17}},"loc":{"start":{"line":136,"column":25},"end":{"line":136,"column":null}},"line":136},"12":{"name":"(anonymous_12)","decl":{"start":{"line":139,"column":12},"end":{"line":139,"column":13}},"loc":{"start":{"line":139,"column":21},"end":{"line":156,"column":null}},"line":139},"13":{"name":"(anonymous_13)","decl":{"start":{"line":160,"column":16},"end":{"line":160,"column":17}},"loc":{"start":{"line":160,"column":25},"end":{"line":160,"column":null}},"line":160},"14":{"name":"(anonymous_14)","decl":{"start":{"line":163,"column":12},"end":{"line":163,"column":13}},"loc":{"start":{"line":164,"column":8},"end":{"line":166,"column":null}},"line":164},"15":{"name":"(anonymous_15)","decl":{"start":{"line":171,"column":16},"end":{"line":171,"column":17}},"loc":{"start":{"line":171,"column":25},"end":{"line":171,"column":null}},"line":171},"16":{"name":"(anonymous_16)","decl":{"start":{"line":174,"column":12},"end":{"line":174,"column":13}},"loc":{"start":{"line":175,"column":8},"end":{"line":182,"column":null}},"line":175},"17":{"name":"(anonymous_17)","decl":{"start":{"line":189,"column":12},"end":{"line":189,"column":13}},"loc":{"start":{"line":190,"column":8},"end":{"line":211,"column":null}},"line":190},"18":{"name":"(anonymous_18)","decl":{"start":{"line":191,"column":19},"end":{"line":191,"column":null}},"loc":{"start":{"line":192,"column":12},"end":{"line":192,"column":null}},"line":192},"19":{"name":"(anonymous_19)","decl":{"start":{"line":261,"column":49},"end":{"line":261,"column":55}},"loc":{"start":{"line":261,"column":55},"end":{"line":261,"column":77}},"line":261},"20":{"name":"(anonymous_20)","decl":{"start":{"line":324,"column":23},"end":{"line":324,"column":29}},"loc":{"start":{"line":324,"column":29},"end":{"line":324,"column":null}},"line":324},"21":{"name":"(anonymous_21)","decl":{"start":{"line":367,"column":24},"end":{"line":367,"column":25}},"loc":{"start":{"line":367,"column":31},"end":{"line":367,"column":null}},"line":367},"22":{"name":"(anonymous_22)","decl":{"start":{"line":372,"column":25},"end":{"line":372,"column":31}},"loc":{"start":{"line":372,"column":31},"end":{"line":372,"column":null}},"line":372},"23":{"name":"(anonymous_23)","decl":{"start":{"line":394,"column":23},"end":{"line":394,"column":29}},"loc":{"start":{"line":394,"column":29},"end":{"line":394,"column":null}},"line":394},"24":{"name":"(anonymous_24)","decl":{"start":{"line":425,"column":22},"end":{"line":425,"column":23}},"loc":{"start":{"line":425,"column":36},"end":{"line":443,"column":null}},"line":425},"25":{"name":"(anonymous_25)","decl":{"start":{"line":435,"column":40},"end":{"line":435,"column":46}},"loc":{"start":{"line":435,"column":46},"end":{"line":435,"column":null}},"line":435}},"branchMap":{"0":{"loc":{"start":{"line":30,"column":16},"end":{"line":30,"column":null}},"type":"binary-expr","locations":[{"start":{"line":30,"column":16},"end":{"line":30,"column":35}},{"start":{"line":30,"column":35},"end":{"line":30,"column":null}}],"line":30},"1":{"loc":{"start":{"line":36,"column":6},"end":{"line":38,"column":null}},"type":"if","locations":[{"start":{"line":36,"column":6},"end":{"line":38,"column":null}},{"start":{},"end":{}}],"line":36},"2":{"loc":{"start":{"line":40,"column":6},"end":{"line":45,"column":null}},"type":"if","locations":[{"start":{"line":40,"column":6},"end":{"line":45,"column":null}},{"start":{},"end":{}}],"line":40},"3":{"loc":{"start":{"line":41,"column":8},"end":{"line":42,"column":null}},"type":"binary-expr","locations":[{"start":{"line":41,"column":8},"end":{"line":41,"column":null}},{"start":{"line":42,"column":8},"end":{"line":42,"column":null}}],"line":41},"4":{"loc":{"start":{"line":53,"column":6},"end":{"line":57,"column":null}},"type":"if","locations":[{"start":{"line":53,"column":6},"end":{"line":57,"column":null}},{"start":{"line":55,"column":13},"end":{"line":57,"column":null}}],"line":53},"5":{"loc":{"start":{"line":63,"column":4},"end":{"line":63,"column":null}},"type":"if","locations":[{"start":{"line":63,"column":4},"end":{"line":63,"column":null}},{"start":{},"end":{}}],"line":63},"6":{"loc":{"start":{"line":64,"column":4},"end":{"line":64,"column":null}},"type":"if","locations":[{"start":{"line":64,"column":4},"end":{"line":64,"column":null}},{"start":{},"end":{}}],"line":64},"7":{"loc":{"start":{"line":83,"column":15},"end":{"line":104,"column":null}},"type":"cond-expr","locations":[{"start":{"line":84,"column":16},"end":{"line":90,"column":null}},{"start":{"line":92,"column":16},"end":{"line":104,"column":null}}],"line":83},"8":{"loc":{"start":{"line":136,"column":25},"end":{"line":136,"column":null}},"type":"binary-expr","locations":[{"start":{"line":136,"column":25},"end":{"line":136,"column":41}},{"start":{"line":136,"column":41},"end":{"line":136,"column":null}}],"line":136},"9":{"loc":{"start":{"line":143,"column":8},"end":{"line":149,"column":null}},"type":"if","locations":[{"start":{"line":143,"column":8},"end":{"line":149,"column":null}},{"start":{"line":145,"column":8},"end":{"line":149,"column":null}}],"line":143},"10":{"loc":{"start":{"line":145,"column":8},"end":{"line":149,"column":null}},"type":"if","locations":[{"start":{"line":145,"column":8},"end":{"line":149,"column":null}},{"start":{},"end":{}}],"line":145},"11":{"loc":{"start":{"line":148,"column":24},"end":{"line":148,"column":null}},"type":"binary-expr","locations":[{"start":{"line":148,"column":24},"end":{"line":148,"column":51}},{"start":{"line":148,"column":51},"end":{"line":148,"column":null}}],"line":148},"12":{"loc":{"start":{"line":160,"column":25},"end":{"line":160,"column":null}},"type":"binary-expr","locations":[{"start":{"line":160,"column":25},"end":{"line":160,"column":42}},{"start":{"line":160,"column":42},"end":{"line":160,"column":null}}],"line":160},"13":{"loc":{"start":{"line":217,"column":2},"end":{"line":228,"column":null}},"type":"if","locations":[{"start":{"line":217,"column":2},"end":{"line":228,"column":null}},{"start":{},"end":{}}],"line":217},"14":{"loc":{"start":{"line":230,"column":2},"end":{"line":272,"column":null}},"type":"if","locations":[{"start":{"line":230,"column":2},"end":{"line":272,"column":null}},{"start":{},"end":{}}],"line":230},"15":{"loc":{"start":{"line":256,"column":15},"end":{"line":258,"column":null}},"type":"cond-expr","locations":[{"start":{"line":257,"column":18},"end":{"line":257,"column":null}},{"start":{"line":258,"column":18},"end":{"line":258,"column":null}}],"line":256},"16":{"loc":{"start":{"line":275,"column":2},"end":{"line":313,"column":null}},"type":"if","locations":[{"start":{"line":275,"column":2},"end":{"line":313,"column":null}},{"start":{},"end":{}}],"line":275},"17":{"loc":{"start":{"line":320,"column":77},"end":{"line":320,"column":114}},"type":"cond-expr","locations":[{"start":{"line":320,"column":98},"end":{"line":320,"column":107}},{"start":{"line":320,"column":107},"end":{"line":320,"column":114}}],"line":320},"18":{"loc":{"start":{"line":328,"column":43},"end":{"line":328,"column":86}},"type":"cond-expr","locations":[{"start":{"line":328,"column":67},"end":{"line":328,"column":84}},{"start":{"line":328,"column":84},"end":{"line":328,"column":86}}],"line":328},"19":{"loc":{"start":{"line":370,"column":13},"end":{"line":388,"column":null}},"type":"binary-expr","locations":[{"start":{"line":370,"column":13},"end":{"line":370,"column":null}},{"start":{"line":371,"column":14},"end":{"line":388,"column":null}}],"line":370},"20":{"loc":{"start":{"line":411,"column":15},"end":{"line":414,"
[...]
,"C:\\Users\\bolfa\\VIA\\BachelorCode\\StorageConnector\\web\\src\\pages\\RegisterPage.tsx": {"path":"C:\\Users\\bolfa\\VIA\\BachelorCode\\StorageConnector\\web\\src\\pages\\RegisterPage.tsx","statementMap":{"0":{"start":{"line":8,"column":28},"end":{"line":124,"column":null}},"1":{"start":{"line":9,"column":24},"end":{"line":9,"column":null}},"2":{"start":{"line":10,"column":30},"end":{"line":10,"column":null}},"3":{"start":{"line":11,"column":28},"end":{"line":11,"column":null}},"4":{"start":{"line":12,"column":38},"end":{"line":12,"column":null}},"5":{"start":{"line":13,"column":42},"end":{"line":13,"column":null}},"6":{"start":{"line":15,"column":8},"end":{"line":43,"column":null}},"7":{"start":{"line":18,"column":6},"end":{"line":21,"column":null}},"8":{"start":{"line":22,"column":6},"end":{"line":22,"column":null}},"9":{"start":{"line":23,"column":6},"end":{"line":23,"column":null}},"10":{"start":{"line":24,"column":6},"end":{"line":24,"column":null}},"11":{"start":{"line":27,"column":6},"end":{"line":40,"column":null}},"12":{"start":{"line":29,"column":8},"end":{"line":38,"column":null}},"13":{"start":{"line":31,"column":10},"end":{"line":31,"column":null}},"14":{"start":{"line":32,"column":8},"end":{"line":38,"column":null}},"15":{"start":{"line":33,"column":10},"end":{"line":33,"column":null}},"16":{"start":{"line":35,"column":10},"end":{"line":37,"column":null}},"17":{"start":{"line":39,"column":8},"end":{"line":39,"column":null}},"18":{"start":{"line":41,"column":6},"end":{"line":41,"column":null}},"19":{"start":{"line":45,"column":23},"end":{"line":62,"column":null}},"20":{"start":{"line":46,"column":4},"end":{"line":46,"column":null}},"21":{"start":{"line":47,"column":4},"end":{"line":47,"column":null}},"22":{"start":{"line":48,"column":4},"end":{"line":48,"column":null}},"23":{"start":{"line":51,"column":4},"end":{"line":54,"column":null}},"24":{"start":{"line":52,"column":6},"end":{"line":52,"column":null}},"25":{"start":{"line":53,"column":6},"end":{"line":53,"column":null}},"26":{"start":{"line":56,"column":4},"end":{"line":59,"column":null}},"27":{"start":{"line":57,"column":6},"end":{"line":57,"column":null}},"28":{"start":{"line":58,"column":6},"end":{"line":58,"column":null}},"29":{"start":{"line":61,"column":4},"end":{"line":61,"column":null}},"30":{"start":{"line":64,"column":2},"end":{"line":122,"column":null}},"31":{"start":{"line":88,"column":35},"end":{"line":88,"column":null}},"32":{"start":{"line":95,"column":35},"end":{"line":95,"column":null}},"33":{"start":{"line":103,"column":35},"end":{"line":103,"column":null}}},"fnMap":{"0":{"name":"(anonymous_0)","decl":{"start":{"line":8,"column":28},"end":{"line":8,"column":34}},"loc":{"start":{"line":8,"column":34},"end":{"line":124,"column":null}},"line":8},"1":{"name":"(anonymous_1)","decl":{"start":{"line":17,"column":15},"end":{"line":17,"column":16}},"loc":{"start":{"line":17,"column":25},"end":{"line":25,"column":null}},"line":17},"2":{"name":"(anonymous_2)","decl":{"start":{"line":26,"column":13},"end":{"line":26,"column":14}},"loc":{"start":{"line":26,"column":33},"end":{"line":42,"column":null}},"line":26},"3":{"name":"(anonymous_3)","decl":{"start":{"line":45,"column":23},"end":{"line":45,"column":24}},"loc":{"start":{"line":45,"column":62},"end":{"line":62,"column":null}},"line":45},"4":{"name":"(anonymous_4)","decl":{"start":{"line":88,"column":24},"end":{"line":88,"column":25}},"loc":{"start":{"line":88,"column":35},"end":{"line":88,"column":null}},"line":88},"5":{"name":"(anonymous_5)","decl":{"start":{"line":95,"column":24},"end":{"line":95,"column":25}},"loc":{"start":{"line":95,"column":35},"end":{"line":95,"column":null}},"line":95},"6":{"name":"(anonymous_6)","decl":{"start":{"line":103,"column":24},"end":{"line":103,"column":25}},"loc":{"start":{"line":103,"column":35},"end":{"line":103,"column":null}},"line":103}},"branchMap":{"0":{"loc":{"start":{"line":19,"column":8},"end":{"line":20,"column":null}},"type":"binary-expr","locations":[{"start":{"line":19,"column":8},"end":{"line":19,"column":null}},{"start":{"line":20,"column":10},"end":{"line":20,"column":null}}],"line":19},"1":{"loc":{"start":{"line":27,"column":6},"end":{"line":40,"column":null}},"type":"if","locations":[{"start":{"line":27,"column":6},"end":{"line":40,"column":null}},{"start":{},"end":{}}],"line":27},"2":{"loc":{"start":{"line":29,"column":8},"end":{"line":38,"column":null}},"type":"if","locations":[{"start":{"line":29,"column":8},"end":{"line":38,"column":null}},{"start":{"line":32,"column":8},"end":{"line":38,"column":null}}],"line":29},"3":{"loc":{"start":{"line":29,"column":12},"end":{"line":29,"column":53}},"type":"binary-expr","locations":[{"start":{"line":29,"column":12},"end":{"line":29,"column":26}},{"start":{"line":29,"column":26},"end":{"line":29,"column":53}}],"line":29},"4":{"loc":{"start":{"line":32,"column":8},"end":{"line":38,"column":null}},"type":"if","locations":[{"start":{"line":32,"column":8},"end":{"line":38,"column":null}},{"start":{"line":34,"column":15},"end":{"line":38,"column":null}}],"line":32},"5":{"loc":{"start":{"line":51,"column":4},"end":{"line":54,"column":null}},"type":"if","locations":[{"start":{"line":51,"column":4},"end":{"line":54,"column":null}},{"start":{},"end":{}}],"line":51},"6":{"loc":{"start":{"line":56,"column":4},"end":{"line":59,"column":null}},"type":"if","locations":[{"start":{"line":56,"column":4},"end":{"line":59,"column":null}},{"start":{},"end":{}}],"line":56},"7":{"loc":{"start":{"line":80,"column":13},"end":{"line":81,"column":null}},"type":"binary-expr","locations":[{"start":{"line":80,"column":13},"end":{"line":80,"column":null}},{"start":{"line":81,"column":14},"end":{"line":81,"column":null}}],"line":80},"8":{"loc":{"start":{"line":83,"column":13},"end":{"line":83,"column":null}},"type":"binary-expr","locations":[{"start":{"line":83,"column":13},"end":{"line":83,"column":29}},{"start":{"line":83,"column":29},"end":{"line":83,"column":null}}],"line":83}},"s":{"0":1,"1":374,"2":374,"3":374,"4":374,"5":374,"6":374,"7":3,"8":3,"9":3,"10":3,"11":5,"12":3,"13":1,"14":2,"15":1,"16":1,"17":3,"18":2,"19":374,"20":9,"21":9,"22":9,"23":9,"24":1,"25":1,"26":8,"27":1,"28":1,"29":7,"30":374,"31":148,"32":93,"33":99},"f":{"0":374,"1":3,"2":5,"3":9,"4":148,"5":93,"6":99},"b":{"0":[3,0],"1":[3,2],"2":[1,2],"3":[3,2],"4":[1,1],"5":[1,8],"6":[1,7],"7":[374,4],"8":[374,10]},"meta":{"lastBranch":9,"lastFunction":7,"lastStatement":34,"seen":{"s:8:28:124:Infinity":0,"f:8:28:8:34":0,"s:9:24:9:Infinity":1,"s:10:30:10:Infinity":2,"s:11:28:11:Infinity":3,"s:12:38:12:Infinity":4,"s:13:42:13:Infinity":5,"s:15:8:43:Infinity":6,"f:17:15:17:16":1,"s:18:6:21:Infinity":7,"b:19:8:19:Infinity:20:10:20:Infinity":0,"s:22:6:22:Infinity":8,"s:23:6:23:Infinity":9,"s:24:6:24:Infinity":10,"f:26:13:26:14":2,"b:27:6:40:Infinity:undefined:undefined:undefined:undefined":1,"s:27:6:40:Infinity":11,"b:29:8:38:Infinity:32:8:38:Infinity":2,"s:29:8:38:Infinity":12,"b:29:12:29:26:29:26:29:53":3,"s:31:10:31:Infinity":13,"b:32:8:38:Infinity:34:15:38:Infinity":4,"s:32:8:38:Infinity":14,"s:33:10:33:Infinity":15,"s:35:10:37:Infinity":16,"s:39:8:39:Infinity":17,"s:41:6:41:Infinity":18,"s:45:23:62:Infinity":19,"f:45:23:45:24":3,"s:46:4:46:Infinity":20,"s:47:4:47:Infinity":21,"s:48:4:48:Infinity":22,"b:51:4:54:Infinity:undefined:undefined:undefined:undefined":5,"s:51:4:54:Infinity":23,"s:52:6:52:Infinity":24,"s:53:6:53:Infinity":25,"b:56:4:59:Infinity:undefined:undefined:undefined:undefined":6,"s:56:4:59:Infinity":26,"s:57:6:57:Infinity":27,"s:58:6:58:Infinity":28,"s:61:4:61:Infinity":29,"s:64:2:122:Infinity":30,"b:80:13:80:Infinity:81:14:81:Infinity":7,"b:83:13:83:29:83:29:83:Infinity":8,"f:88:24:88:25":4,"s:88:35:88:Infinity":31,"f:95:24:95:25":5,"s:95:35:95:Infinity":32,"f:103:24:103:25":6,"s:103:35:103:Infinity":33}}}
,"C:\\Users\\bolfa\\VIA\\BachelorCode\\StorageConnector\\web\\src\\pages\\ResetPasswordPage.tsx": {"path":"C:\\Users\\bolfa\\VIA\\BachelorCode\\StorageConnector\\web\\src\\pages\\ResetPasswordPage.tsx","statementMap":{"0":{"start":{"line":15,"column":33},"end":{"line":139,"column":null}},"1":{"start":{"line":16,"column":21},"end":{"line":16,"column":null}},"2":{"start":{"line":17,"column":8},"end":{"line":17,"column":null}},"3":{"start":{"line":18,"column":16},"end":{"line":18,"column":null}},"4":{"start":{"line":19,"column":16},"end":{"line":19,"column":null}},"5":{"start":{"line":21,"column":36},"end":{"line":21,"column":null}},"6":{"start":{"line":22,"column":44},"end":{"line":22,"column":null}},"7":{"start":{"line":23,"column":38},"end":{"line":23,"column":null}},"8":{"start":{"line":25,"column":8},"end":{"line":42,"column":null}},"9":{"start":{"line":28,"column":6},"end":{"line":33,"column":null}},"10":{"start":{"line":36,"column":6},"end":{"line":40,"column":null}},"11":{"start":{"line":37,"column":8},"end":{"line":37,"column":null}},"12":{"start":{"line":39,"column":8},"end":{"line":39,"column":null}},"13":{"start":{"line":44,"column":23},"end":{"line":70,"column":null}},"14":{"start":{"line":45,"column":4},"end":{"line":45,"column":null}},"15":{"start":{"line":46,"column":4},"end":{"line":46,"column":null}},"16":{"start":{"line":48,"column":4},"end":{"line":53,"column":null}},"17":{"start":{"line":49,"column":6},"end":{"line":51,"column":null}},"18":{"start":{"line":52,"column":6},"end":{"line":52,"column":null}},"19":{"start":{"line":55,"column":4},"end":{"line":58,"column":null}},"20":{"start":{"line":56,"column":6},"end":{"line":56,"column":null}},"21":{"start":{"line":57,"column":6},"end":{"line":57,"column":null}},"22":{"start":{"line":60,"column":4},"end":{"line":63,"column":null}},"23":{"start":{"line":61,"column":6},"end":{"line":61,"column":null}},"24":{"start":{"line":62,"column":6},"end":{"line":62,"column":null}},"25":{"start":{"line":65,"column":4},"end":{"line":69,"column":null}},"26":{"start":{"line":72,"column":2},"end":{"line":88,"column":null}},"27":{"start":{"line":73,"column":4},"end":{"line":86,"column":null}},"28":{"start":{"line":90,"column":2},"end":{"line":137,"column":null}},"29":{"start":{"line":107,"column":29},"end":{"line":107,"column":null}},"30":{"start":{"line":115,"column":29},"end":{"line":115,"column":null}}},"fnMap":{"0":{"name":"(anonymous_0)","decl":{"start":{"line":15,"column":33},"end":{"line":15,"column":39}},"loc":{"start":{"line":15,"column":39},"end":{"line":139,"column":null}},"line":15},"1":{"name":"(anonymous_1)","decl":{"start":{"line":27,"column":15},"end":{"line":27,"column":21}},"loc":{"start":{"line":27,"column":21},"end":{"line":34,"column":null}},"line":27},"2":{"name":"(anonymous_2)","decl":{"start":{"line":35,"column":13},"end":{"line":35,"column":14}},"loc":{"start":{"line":35,"column":33},"end":{"line":41,"column":null}},"line":35},"3":{"name":"(anonymous_3)","decl":{"start":{"line":44,"column":23},"end":{"line":44,"column":24}},"loc":{"start":{"line":44,"column":47},"end":{"line":70,"column":null}},"line":44},"4":{"name":"(anonymous_4)","decl":{"start":{"line":107,"column":22},"end":{"line":107,"column":23}},"loc":{"start":{"line":107,"column":29},"end":{"line":107,"column":null}},"line":107},"5":{"name":"(anonymous_5)","decl":{"start":{"line":115,"column":22},"end":{"line":115,"column":23}},"loc":{"start":{"line":115,"column":29},"end":{"line":115,"column":null}},"line":115}},"branchMap":{"0":{"loc":{"start":{"line":36,"column":6},"end":{"line":40,"column":null}},"type":"if","locations":[{"start":{"line":36,"column":6},"end":{"line":40,"column":null}},{"start":{"line":38,"column":13},"end":{"line":40,"column":null}}],"line":36},"1":{"loc":{"start":{"line":48,"column":4},"end":{"line":53,"column":null}},"type":"if","locations":[{"start":{"line":48,"column":4},"end":{"line":53,"column":null}},{"start":{},"end":{}}],"line":48},"2":{"loc":{"start":{"line":48,"column":8},"end":{"line":48,"column":26}},"type":"binary-expr","locations":[{"start":{"line":48,"column":8},"end":{"line":48,"column":18}},{"start":{"line":48,"column":18},"end":{"line":48,"column":26}}],"line":48},"3":{"loc":{"start":{"line":55,"column":4},"end":{"line":58,"column":null}},"type":"if","locations":[{"start":{"line":55,"column":4},"end":{"line":58,"column":null}},{"start":{},"end":{}}],"line":55},"4":{"loc":{"start":{"line":60,"column":4},"end":{"line":63,"column":null}},"type":"if","locations":[{"start":{"line":60,"column":4},"end":{"line":63,"column":null}},{"start":{},"end":{}}],"line":60},"5":{"loc":{"start":{"line":72,"column":2},"end":{"line":88,"column":null}},"type":"if","locations":[{"start":{"line":72,"column":2},"end":{"line":88,"column":null}},{"start":{},"end":{}}],"line":72},"6":{"loc":{"start":{"line":72,"column":6},"end":{"line":72,"column":24}},"type":"binary-expr","locations":[{"start":{"line":72,"column":6},"end":{"line":72,"column":16}},{"start":{"line":72,"column":16},"end":{"line":72,"column":24}}],"line":72},"7":{"loc":{"start":{"line":97,"column":9},"end":{"line":100,"column":null}},"type":"binary-expr","locations":[{"start":{"line":97,"column":9},"end":{"line":97,"column":null}},{"start":{"line":98,"column":10},"end":{"line":100,"column":null}}],"line":97}},"s":{"0":1,"1":169,"2":169,"3":169,"4":169,"5":169,"6":169,"7":169,"8":169,"9":2,"10":2,"11":1,"12":1,"13":169,"14":6,"15":6,"16":6,"17":0,"18":0,"19":6,"20":1,"21":1,"22":5,"23":1,"24":1,"25":4,"26":169,"27":0,"28":169,"29":72,"30":78},"f":{"0":169,"1":2,"2":2,"3":6,"4":72,"5":78},"b":{"0":[1,1],"1":[0,6],"2":[6,6],"3":[1,5],"4":[1,4],"5":[0,169],"6":[169,169],"7":[169,6]},"meta":{"lastBranch":8,"lastFunction":6,"lastStatement":31,"seen":{"s:15:33:139:Infinity":0,"f:15:33:15:39":0,"s:16:21:16:Infinity":1,"s:17:8:17:Infinity":2,"s:18:16:18:Infinity":3,"s:19:16:19:Infinity":4,"s:21:36:21:Infinity":5,"s:22:44:22:Infinity":6,"s:23:38:23:Infinity":7,"s:25:8:42:Infinity":8,"f:27:15:27:21":1,"s:28:6:33:Infinity":9,"f:35:13:35:14":2,"b:36:6:40:Infinity:38:13:40:Infinity":0,"s:36:6:40:Infinity":10,"s:37:8:37:Infinity":11,"s:39:8:39:Infinity":12,"s:44:23:70:Infinity":13,"f:44:23:44:24":3,"s:45:4:45:Infinity":14,"s:46:4:46:Infinity":15,"b:48:4:53:Infinity:undefined:undefined:undefined:undefined":1,"s:48:4:53:Infinity":16,"b:48:8:48:18:48:18:48:26":2,"s:49:6:51:Infinity":17,"s:52:6:52:Infinity":18,"b:55:4:58:Infinity:undefined:undefined:undefined:undefined":3,"s:55:4:58:Infinity":19,"s:56:6:56:Infinity":20,"s:57:6:57:Infinity":21,"b:60:4:63:Infinity:undefined:undefined:undefined:undefined":4,"s:60:4:63:Infinity":22,"s:61:6:61:Infinity":23,"s:62:6:62:Infinity":24,"s:65:4:69:Infinity":25,"b:72:2:88:Infinity:undefined:undefined:undefined:undefined":5,"s:72:2:88:Infinity":26,"b:72:6:72:16:72:16:72:24":6,"s:73:4:86:Infinity":27,"s:90:2:137:Infinity":28,"b:97:9:97:Infinity:98:10:100:Infinity":7,"f:107:22:107:23":4,"s:107:29:107:Infinity":29,"f:115:22:115:23":5,"s:115:29:115:Infinity":30}}}
,"C:\\Users\\bolfa\\VIA\\BachelorCode\\StorageConnector\\web\\src\\state\\auth-store.ts": {"path":"C:\\Users\\bolfa\\VIA\\BachelorCode\\StorageConnector\\web\\src\\state\\auth-store.ts","statementMap":{"0":{"start":{"line":10,"column":13},"end":{"line":19,"column":null}},"1":{"start":{"line":10,"column":56},"end":{"line":19,"column":2}},"2":{"start":{"line":14,"column":4},"end":{"line":17,"column":null}},"3":{"start":{"line":14,"column":20},"end":{"line":17,"column":6}},"4":{"start":{"line":18,"column":15},"end":{"line":18,"column":null}}},"fnMap":{"0":{"name":"(anonymous_0)","decl":{"start":{"line":10,"column":46},"end":{"line":10,"column":47}},"loc":{"start":{"line":10,"column":56},"end":{"line":19,"column":2}},"line":10},"1":{"name":"(anonymous_1)","decl":{"start":{"line":13,"column":20},"end":{"line":13,"column":21}},"loc":{"start":{"line":14,"column":4},"end":{"line":17,"column":null}},"line":14},"2":{"name":"(anonymous_2)","decl":{"start":{"line":14,"column":8},"end":{"line":14,"column":9}},"loc":{"start":{"line":14,"column":20},"end":{"line":17,"column":6}},"line":14},"3":{"name":"(anonymous_3)","decl":{"start":{"line":18,"column":9},"end":{"line":18,"column":15}},"loc":{"start":{"line":18,"column":15},"end":{"line":18,"column":null}},"line":18}},"branchMap":{"0":{"loc":{"start":{"line":16,"column":17},"end":{"line":16,"column":null}},"type":"binary-expr","locations":[{"start":{"line":16,"column":17},"end":{"line":16,"column":26}},{"start":{"line":16,"column":26},"end":{"line":16,"column":null}}],"line":16}},"s":{"0":2,"1":2,"2":7,"3":7,"4":3},"f":{"0":2,"1":7,"2":7,"3":3},"b":{"0":[7,2]},"meta":{"lastBranch":1,"lastFunction":4,"lastStatement":5,"seen":{"s:10:13:19:Infinity":0,"f:10:46:10:47":0,"s:10:56:19:2":1,"f:13:20:13:21":1,"s:14:4:17:Infinity":2,"f:14:8:14:9":2,"s:14:20:17:6":3,"b:16:17:16:26:16:26:16:Infinity":0,"f:18:9:18:15":3,"s:18:15:18:Infinity":4}}}
,"C:\\Users\\bolfa\\VIA\\BachelorCode\\StorageConnector\\web\\src\\test\\test-utils.tsx": {"path":"C:\\Users\\bolfa\\VIA\\BachelorCode\\StorageConnector\\web\\src\\test\\test-utils.tsx","statementMap":{"0":{"start":{"line":8,"column":30},"end":{"line":18,"column":null}},"1":{"start":{"line":9,"column":2},"end":{"line":18,"column":null}},"2":{"start":{"line":24,"column":24},"end":{"line":32,"column":null}},"3":{"start":{"line":25,"column":26},"end":{"line":25,"column":null}},"4":{"start":{"line":27,"column":2},"end":{"line":30,"column":null}},"5":{"start":{"line":34,"column":21},"end":{"line":37,"column":null}},"6":{"start":{"line":36,"column":2},"end":{"line":37,"column":null}}},"fnMap":{"0":{"name":"(anonymous_0)","decl":{"start":{"line":8,"column":30},"end":{"line":8,"column":null}},"loc":{"start":{"line":9,"column":2},"end":{"line":18,"column":null}},"line":9},"1":{"name":"(anonymous_1)","decl":{"start":{"line":24,"column":24},"end":{"line":24,"column":25}},"loc":{"start":{"line":24,"column":64},"end":{"line":32,"column":null}},"line":24},"2":{"name":"(anonymous_2)","decl":{"start":{"line":34,"column":21},"end":{"line":34,"column":null}},"loc":{"start":{"line":36,"column":2},"end":{"line":37,"column":null}},"line":36}},"branchMap":{},"s":{"0":18,"1":206,"2":18,"3":206,"4":206,"5":18,"6":206},"f":{"0":206,"1":206,"2":206},"b":{},"meta":{"lastBranch":0,"lastFunction":3,"lastStatement":7,"seen":{"s:8:30:18:Infinity":0,"f:8:30:8:Infinity":0,"s:9:2:18:Infinity":1,"s:24:24:32:Infinity":2,"f:24:24:24:25":1,"s:25:26:25:Infinity":3,"s:27:2:30:Infinity":4,"s:34:21:37:Infinity":5,"f:34:21:34:Infinity":2,"s:36:2:37:Infinity":6}}}
}
